<?xml version="1.0" encoding="UTF-8"?>
<!-- Generated by org.testng.reporters.JUnitXMLReporter -->
<testsuite ignored="0" hostname="Avinashs-MacBook-Air.local" failures="1" tests="1" name="Default test" time="3.131" errors="0" timestamp="2024-02-20T12:56:27 CST">
  <testcase classname="io.cucumber.testng.AbstractTestNGCucumberTests" name="runScenario" time="2.839">
    <failure type="org.junit.ComparisonFailure" message="expected:&amp;lt;[Home]&amp;gt; but was:&amp;lt;[NumpyNinja]&amp;gt;">
      <![CDATA[org.junit.ComparisonFailure: expected:<[Home]> but was:<[NumpyNinja]>
at org.junit.Assert.assertEquals(Assert.java:117)
at org.junit.Assert.assertEquals(Assert.java:146)
at stepdefinition.TreeStepDefinition.the_user_comes_back_to_the_ds_algo_home_page_to_select_or_start_ds_tree(TreeStepDefinition.java:31)
at ✽.The user comes back to the DS_algo home page to select or start DS Tree(file:///Users/avinashgarlanka/git/DSAlgo/src/test/resources/features/tree.feature:14)
]]>
    </failure>
  </testcase> <!-- runScenario -->
</testsuite> <!-- Default test -->
