<?xml version="1.0" encoding="UTF-8"?>
<testng-results ignored="0" total="1" passed="0" failed="1" skipped="0">
  <reporter-output>
  </reporter-output>
  <suite started-at="2024-02-20T12:56:24 CST" name="Default suite" finished-at="2024-02-20T12:56:27 CST" duration-ms="3131">
    <groups>
      <group name="cucumber">
        <method signature="AbstractTestNGCucumberTests.runScenario(io.cucumber.testng.PickleWrapper,io.cucumber.testng.FeatureWrapper)[pri:0, instance:runner.TestRunner@2a65fe7c]" name="runScenario" class="io.cucumber.testng.AbstractTestNGCucumberTests"/>
      </group> <!-- cucumber -->
    </groups>
    <test started-at="2024-02-20T12:56:24 CST" name="Default test" finished-at="2024-02-20T12:56:27 CST" duration-ms="3131">
      <class name="runner.TestRunner">
        <test-method is-config="true" signature="setUpClass(org.testng.ITestContext)[pri:0, instance:runner.TestRunner@2a65fe7c]" started-at="2024-02-20T12:56:24 CST" name="setUpClass" finished-at="2024-02-20T12:56:24 CST" duration-ms="257" status="PASS">
          <params>
            <param index="0">
              <value>
                <![CDATA[org.testng.TestRunner@31e3250d]]>
              </value>
            </param>
          </params>
          <reporter-output>
          </reporter-output>
        </test-method> <!-- setUpClass -->
        <test-method signature="runScenario(io.cucumber.testng.PickleWrapper,io.cucumber.testng.FeatureWrapper)[pri:0, instance:runner.TestRunner@2a65fe7c]" started-at="2024-02-20T12:56:24 CST" name="runScenario" description="Runs Cucumber Scenarios" data-provider="scenarios" finished-at="2024-02-20T12:56:27 CST" duration-ms="2839" status="FAIL">
          <params>
            <param index="0">
              <value>
                <![CDATA["DS_algo Home page"]]>
              </value>
            </param>
            <param index="1">
              <value>
                <![CDATA["Checking DS algo tree"]]>
              </value>
            </param>
          </params>
          <exception class="org.junit.ComparisonFailure">
            <message>
              <![CDATA[expected:<[Home]> but was:<[NumpyNinja]>]]>
            </message>
            <full-stacktrace>
              <![CDATA[org.junit.ComparisonFailure: expected:<[Home]> but was:<[NumpyNinja]>
at org.junit.Assert.assertEquals(Assert.java:117)
at org.junit.Assert.assertEquals(Assert.java:146)
at stepdefinition.TreeStepDefinition.the_user_comes_back_to_the_ds_algo_home_page_to_select_or_start_ds_tree(TreeStepDefinition.java:31)
at ✽.The user comes back to the DS_algo home page to select or start DS Tree(file:///Users/avinashgarlanka/git/DSAlgo/src/test/resources/features/tree.feature:14)
]]>
            </full-stacktrace>
          </exception> <!-- org.junit.ComparisonFailure -->
          <reporter-output>
          </reporter-output>
        </test-method> <!-- runScenario -->
        <test-method is-config="true" signature="tearDownClass()[pri:0, instance:runner.TestRunner@2a65fe7c]" started-at="2024-02-20T12:56:27 CST" name="tearDownClass" finished-at="2024-02-20T12:56:27 CST" duration-ms="13" status="PASS">
          <reporter-output>
          </reporter-output>
        </test-method> <!-- tearDownClass -->
      </class> <!-- runner.TestRunner -->
    </test> <!-- Default test -->
  </suite> <!-- Default suite -->
</testng-results>
