<?xml version="1.0" encoding="UTF-8"?>
<testng-results ignored="0" total="1" passed="0" failed="1" skipped="0">
  <reporter-output>
  </reporter-output>
  <suite started-at="2024-02-18T21:24:24 CST" name="Default suite" finished-at="2024-02-18T21:24:28 CST" duration-ms="3854">
    <groups>
      <group name="cucumber">
        <method signature="AbstractTestNGCucumberTests.runScenario(io.cucumber.testng.PickleWrapper,io.cucumber.testng.FeatureWrapper)[pri:0, instance:runner.TestRunner@2a65fe7c]" name="runScenario" class="io.cucumber.testng.AbstractTestNGCucumberTests"/>
      </group> <!-- cucumber -->
    </groups>
    <test started-at="2024-02-18T21:24:24 CST" name="Default test" finished-at="2024-02-18T21:24:28 CST" duration-ms="3854">
      <class name="runner.TestRunner">
        <test-method is-config="true" signature="setUpClass(org.testng.ITestContext)[pri:0, instance:runner.TestRunner@2a65fe7c]" started-at="2024-02-18T21:24:24 CST" name="setUpClass" finished-at="2024-02-18T21:24:24 CST" duration-ms="269" status="PASS">
          <params>
            <param index="0">
              <value>
                <![CDATA[org.testng.TestRunner@28276e50]]>
              </value>
            </param>
          </params>
          <reporter-output>
          </reporter-output>
        </test-method> <!-- setUpClass -->
        <test-method signature="runScenario(io.cucumber.testng.PickleWrapper,io.cucumber.testng.FeatureWrapper)[pri:0, instance:runner.TestRunner@2a65fe7c]" started-at="2024-02-18T21:24:24 CST" name="runScenario" description="Runs Cucumber Scenarios" data-provider="scenarios" finished-at="2024-02-18T21:24:28 CST" duration-ms="3536" status="FAIL">
          <params>
            <param index="0">
              <value>
                <![CDATA["DS_algo Home page"]]>
              </value>
            </param>
            <param index="1">
              <value>
                <![CDATA["Checking DS also tree"]]>
              </value>
            </param>
          </params>
          <exception class="io.cucumber.core.exception.CucumberException">
            <message>
              <![CDATA[Failed to instantiate class stepdefinition.TreeStepDefinition]]>
            </message>
            <full-stacktrace>
              <![CDATA[io.cucumber.core.exception.CucumberException: Failed to instantiate class stepdefinition.TreeStepDefinition
at io.cucumber.core.backend.DefaultObjectFactory.cacheNewInstance(DefaultObjectFactory.java:67)
at io.cucumber.core.backend.DefaultObjectFactory.getInstance(DefaultObjectFactory.java:45)
at io.cucumber.java.AbstractGlueDefinition.invokeMethod(AbstractGlueDefinition.java:47)
at io.cucumber.java.JavaStepDefinition.execute(JavaStepDefinition.java:29)
at io.cucumber.core.runner.CoreStepDefinition.execute(CoreStepDefinition.java:66)
at io.cucumber.core.runner.PickleStepDefinitionMatch.runStep(PickleStepDefinitionMatch.java:63)
at io.cucumber.core.runner.ExecutionMode$1.execute(ExecutionMode.java:10)
at io.cucumber.core.runner.TestStep.executeStep(TestStep.java:84)
at io.cucumber.core.runner.TestStep.run(TestStep.java:56)
at io.cucumber.core.runner.PickleStepTestStep.run(PickleStepTestStep.java:51)
at io.cucumber.core.runner.TestCase.run(TestCase.java:84)
at io.cucumber.core.runner.Runner.runPickle(Runner.java:75)
at io.cucumber.testng.TestNGCucumberRunner.lambda$runScenario$1(TestNGCucumberRunner.java:132)
at io.cucumber.core.runtime.CucumberExecutionContext.lambda$runTestCase$5(CucumberExecutionContext.java:137)
at io.cucumber.core.runtime.RethrowingThrowableCollector.executeAndThrow(RethrowingThrowableCollector.java:23)
at io.cucumber.core.runtime.CucumberExecutionContext.runTestCase(CucumberExecutionContext.java:137)
at io.cucumber.testng.TestNGCucumberRunner.runScenario(TestNGCucumberRunner.java:129)
at io.cucumber.testng.AbstractTestNGCucumberTests.runScenario(AbstractTestNGCucumberTests.java:35)
at java.base/jdk.internal.reflect.DirectMethodHandleAccessor.invoke(DirectMethodHandleAccessor.java:103)
at java.base/java.lang.reflect.Method.invoke(Method.java:580)
at org.testng.internal.invokers.MethodInvocationHelper.invokeMethod(MethodInvocationHelper.java:139)
at org.testng.internal.invokers.TestInvoker.invokeMethod(TestInvoker.java:664)
at org.testng.internal.invokers.TestInvoker.invokeTestMethod(TestInvoker.java:227)
at org.testng.internal.invokers.TestMethodWithDataProviderMethodWorker.call(TestMethodWithDataProviderMethodWorker.java:80)
at org.testng.internal.invokers.TestMethodWithDataProviderMethodWorker.call(TestMethodWithDataProviderMethodWorker.java:17)
at java.base/java.util.concurrent.FutureTask.run(FutureTask.java:317)
at java.base/java.util.concurrent.Executors$RunnableAdapter.call(Executors.java:572)
at java.base/java.util.concurrent.FutureTask.run(FutureTask.java:317)
at java.base/java.util.concurrent.ThreadPoolExecutor.runWorker(ThreadPoolExecutor.java:1144)
at java.base/java.util.concurrent.ThreadPoolExecutor$Worker.run(ThreadPoolExecutor.java:642)
at java.base/java.lang.Thread.run(Thread.java:1583)
Caused by: java.lang.reflect.InvocationTargetException
at java.base/jdk.internal.reflect.DirectConstructorHandleAccessor.newInstance(DirectConstructorHandleAccessor.java:74)
at java.base/java.lang.reflect.Constructor.newInstanceWithCaller(Constructor.java:502)
at java.base/java.lang.reflect.Constructor.newInstance(Constructor.java:486)
at io.cucumber.core.backend.DefaultObjectFactory.cacheNewInstance(DefaultObjectFactory.java:53)
... 30 more
Caused by: java.lang.StackOverflowError
at java.base/java.lang.Class.privateGetDeclaredFields(Class.java:3467)
at java.base/java.lang.Class.getDeclaredFields(Class.java:2542)
at org.openqa.selenium.support.PageFactory.proxyFields(PageFactory.java:107)
at org.openqa.selenium.support.PageFactory.initElements(PageFactory.java:101)
at org.openqa.selenium.support.PageFactory.initElements(PageFactory.java:88)
at org.openqa.selenium.support.PageFactory.initElements(PageFactory.java:76)
at com.pages.BasePage.<init>(BasePage.java:20)
at stepdefinition.TreeStepDefinition.<init>(TreeStepDefinition.java:14)
at stepdefinition.TreeStepDefinition.<init>(TreeStepDefinition.java:16)
at stepdefinition.TreeStepDefinition.<init>(TreeStepDefinition.java:16)
at stepdefinition.TreeStepDefinition.<init>(TreeStepDefinition.java:16)
at stepdefinition.TreeStepDefinition.<init>(TreeStepDefinition.java:16)
at stepdefinition.TreeStepDefinition.<init>(TreeStepDefinition.java:16)
at stepdefinition.TreeStepDefinition.<init>(TreeStepDefinition.java:16)
at stepdefinition.TreeStepDefinition.<init>(TreeStepDefinition.java:16)
at stepdefinition.TreeStepDefinition.<init>(TreeStepDefinition.java:16)
at stepdefinition.TreeStepDefinition.<init>(TreeStepDefinition.java:16)
at stepdefinition.TreeStepDefinition.<init>(TreeStepDefinition.java:16)
at stepdefinition.TreeStepDefinition.<init>(TreeStepDefinition.java:16)
at stepdefinition.TreeStepDefinition.<init>(TreeStepDefinition.java:16)
at stepdefinition.TreeStepDefinition.<init>(TreeStepDefinition.java:16)
at stepdefinition.TreeStepDefinition.<init>(TreeStepDefinition.java:16)
at stepdefinition.TreeStepDefinition.<init>(TreeStepDefinition.java:16)
at stepdefinition.TreeStepDefinition.<init>(TreeStepDefinition.java:16)
at stepdefinition.TreeStepDefinition.<init>(TreeStepDefinition.java:16)
at stepdefinition.TreeStepDefinition.<init>(TreeStepDefinition.java:16)
at stepdefinition.TreeStepDefinition.<init>(TreeStepDefinition.java:16)
at stepdefinition.TreeStepDefinition.<init>(TreeStepDefinition.java:16)
at stepdefinition.TreeStepDefinition.<init>(TreeStepDefinition.java:16)
at stepdefinition.TreeStepDefinition.<init>(TreeStepDefinition.java:16)
at stepdefinition.TreeStepDefinition.<init>(TreeStepDefinition.java:16)
at stepdefinition.TreeStepDefinition.<init>(TreeStepDefinition.java:16)
at stepdefinition.TreeStepDefinition.<init>(TreeStepDefinition.java:16)
at stepdefinition.TreeStepDefinition.<init>(TreeStepDefinition.java:16)
at stepdefinition.TreeStepDefinition.<init>(TreeStepDefinition.java:16)
at stepdefinition.TreeStepDefinition.<init>(TreeStepDefinition.java:16)
at stepdefinition.TreeStepDefinition.<init>(TreeStepDefinition.java:16)
at stepdefinition.TreeStepDefinition.<init>(TreeStepDefinition.java:16)
at stepdefinition.TreeStepDefinition.<init>(TreeStepDefinition.java:16)
at stepdefinition.TreeStepDefinition.<init>(TreeStepDefinition.java:16)
at stepdefinition.TreeStepDefinition.<init>(TreeStepDefinition.java:16)
at stepdefinition.TreeStepDefinition.<init>(TreeStepDefinition.java:16)
at stepdefinition.TreeStepDefinition.<init>(TreeStepDefinition.java:16)
at stepdefinition.TreeStepDefinition.<init>(TreeStepDefinition.java:16)
at stepdefinition.TreeStepDefinition.<init>(TreeStepDefinition.java:16)
at stepdefinition.TreeStepDefinition.<init>(TreeStepDefinition.java:16)
at stepdefinition.TreeStepDefinition.<init>(TreeStepDefinition.java:16)
at stepdefinition.TreeStepDefinition.<init>(TreeStepDefinition.java:16)
at stepdefinition.TreeStepDefinition.<init>(TreeStepDefinition.java:16)
at stepdefinition.TreeStepDefinition.<init>(TreeStepDefinition.java:16)
at stepdefinition.TreeStepDefinition.<init>(TreeStepDefinition.java:16)
at stepdefinition.TreeStepDefinition.<init>(TreeStepDefinition.java:16)
at stepdefinition.TreeStepDefinition.<init>(TreeStepDefinition.java:16)
at stepdefinition.TreeStepDefinition.<init>(TreeStepDefinition.java:16)
at stepdefinition.TreeStepDefinition.<init>(TreeStepDefinition.java:16)
at stepdefinition.TreeStepDefinition.<init>(TreeStepDefinition.java:16)
at stepdefinition.TreeStepDefinition.<init>(TreeStepDefinition.java:16)
at stepdefinition.TreeStepDefinition.<init>(TreeStepDefinition.java:16)
at stepdefinition.TreeStepDefinition.<init>(TreeStepDefinition.java:16)
at stepdefinition.TreeStepDefinition.<init>(TreeStepDefinition.java:16)
at stepdefinition.TreeStepDefinition.<init>(TreeStepDefinition.java:16)
at stepdefinition.TreeStepDefinition.<init>(TreeStepDefinition.java:16)
at stepdefinition.TreeStepDefinition.<init>(TreeStepDefinition.java:16)
at stepdefinition.TreeStepDefinition.<init>(TreeStepDefinition.java:16)
at stepdefinition.TreeStepDefinition.<init>(TreeStepDefinition.java:16)
at stepdefinition.TreeStepDefinition.<init>(TreeStepDefinition.java:16)
at stepdefinition.TreeStepDefinition.<init>(TreeStepDefinition.java:16)
at stepdefinition.TreeStepDefinition.<init>(TreeStepDefinition.java:16)
at stepdefinition.TreeStepDefinition.<init>(TreeStepDefinition.java:16)
at stepdefinition.TreeStepDefinition.<init>(TreeStepDefinition.java:16)
at stepdefinition.TreeStepDefinition.<init>(TreeStepDefinition.java:16)
at stepdefinition.TreeStepDefinition.<init>(TreeStepDefinition.java:16)
at stepdefinition.TreeStepDefinition.<init>(TreeStepDefinition.java:16)
at stepdefinition.TreeStepDefinition.<init>(TreeStepDefinition.java:16)
at stepdefinition.TreeStepDefinition.<init>(TreeStepDefinition.java:16)
at stepdefinition.TreeStepDefinition.<init>(TreeStepDefinition.java:16)
at stepdefinition.TreeStepDefinition.<init>(TreeStepDefinition.java:16)
at stepdefinition.TreeStepDefinition.<init>(TreeStepDefinition.java:16)
at stepdefinition.TreeStepDefinition.<init>(TreeStepDefinition.java:16)
at stepdefinition.TreeStepDefinition.<init>(TreeStepDefinition.java:16)
at stepdefinition.TreeStepDefinition.<init>(TreeStepDefinition.java:16)
at stepdefinition.TreeStepDefinition.<init>(TreeStepDefinition.java:16)
at stepdefinition.TreeStepDefinition.<init>(TreeStepDefinition.java:16)
at stepdefinition.TreeStepDefinition.<init>(TreeStepDefinition.java:16)
at stepdefinition.TreeStepDefinition.<init>(TreeStepDefinition.java:16)
at stepdefinition.TreeStepDefinition.<init>(TreeStepDefinition.java:16)
at stepdefinition.TreeStepDefinition.<init>(TreeStepDefinition.java:16)
at stepdefinition.TreeStepDefinition.<init>(TreeStepDefinition.java:16)
at stepdefinition.TreeStepDefinition.<init>(TreeStepDefinition.java:16)
at stepdefinition.TreeStepDefinition.<init>(TreeStepDefinition.java:16)
at stepdefinition.TreeStepDefinition.<init>(TreeStepDefinition.java:16)
at stepdefinition.TreeStepDefinition.<init>(TreeStepDefinition.java:16)
at stepdefinition.TreeStepDefinition.<init>(TreeStepDefinition.java:16)
at stepdefinition.TreeStepDefinition.<init>(TreeStepDefinition.java:16)
at stepdefinition.TreeStepDefinition.<init>(TreeStepDefinition.java:16)
at stepdefinition.TreeStepDefinition.<init>(TreeStepDefinition.java:16)
at stepdefinition.TreeStepDefinition.<init>(TreeStepDefinition.java:16)
at stepdefinition.TreeStepDefinition.<init>(TreeStepDefinition.java:16)
at stepdefinition.TreeStepDefinition.<init>(TreeStepDefinition.java:16)
at stepdefinition.TreeStepDefinition.<init>(TreeStepDefinition.java:16)
at stepdefinition.TreeStepDefinition.<init>(TreeStepDefinition.java:16)
at stepdefinition.TreeStepDefinition.<init>(TreeStepDefinition.java:16)
at stepdefinition.TreeStepDefinition.<init>(TreeStepDefinition.java:16)
at stepdefinition.TreeStepDefinition.<init>(TreeStepDefinition.java:16)
at stepdefinition.TreeStepDefinition.<init>(TreeStepDefinition.java:16)
at stepdefinition.TreeStepDefinition.<init>(TreeStepDefinition.java:16)
at stepdefinition.TreeStepDefinition.<init>(TreeStepDefinition.java:16)
at stepdefinition.TreeStepDefinition.<init>(TreeStepDefinition.java:16)
at stepdefinition.TreeStepDefinition.<init>(TreeStepDefinition.java:16)
at stepdefinition.TreeStepDefinition.<init>(TreeStepDefinition.java:16)
at stepdefinition.TreeStepDefinition.<init>(TreeStepDefinition.java:16)
at stepdefinition.TreeStepDefinition.<init>(TreeStepDefinition.java:16)
at stepdefinition.TreeStepDefinition.<init>(TreeStepDefinition.java:16)
at stepdefinition.TreeStepDefinition.<init>(TreeStepDefinition.java:16)
at stepdefinition.TreeStepDefinition.<init>(TreeStepDefinition.java:16)
at stepdefinition.TreeStepDefinition.<init>(TreeStepDefinition.java:16)
at stepdefinition.TreeStepDefinition.<init>(TreeStepDefinition.java:16)
at stepdefinition.TreeStepDefinition.<init>(TreeStepDefinition.java:16)
at stepdefinition.TreeStepDefinition.<init>(TreeStepDefinition.java:16)
at stepdefinition.TreeStepDefinition.<init>(TreeStepDefinition.java:16)
at stepdefinition.TreeStepDefinition.<init>(TreeStepDefinition.java:16)
at stepdefinition.TreeStepDefinition.<init>(TreeStepDefinition.java:16)
at stepdefinition.TreeStepDefinition.<init>(TreeStepDefinition.java:16)
at stepdefinition.TreeStepDefinition.<init>(TreeStepDefinition.java:16)
at stepdefinition.TreeStepDefinition.<init>(TreeStepDefinition.java:16)
at stepdefinition.TreeStepDefinition.<init>(TreeStepDefinition.java:16)
at stepdefinition.TreeStepDefinition.<init>(TreeStepDefinition.java:16)
at stepdefinition.TreeStepDefinition.<init>(TreeStepDefinition.java:16)
at stepdefinition.TreeStepDefinition.<init>(TreeStepDefinition.java:16)
at stepdefinition.TreeStepDefinition.<init>(TreeStepDefinition.java:16)
at stepdefinition.TreeStepDefinition.<init>(TreeStepDefinition.java:16)
at stepdefinition.TreeStepDefinition.<init>(TreeStepDefinition.java:16)
at stepdefinition.TreeStepDefinition.<init>(TreeStepDefinition.java:16)
at stepdefinition.TreeStepDefinition.<init>(TreeStepDefinition.java:16)
at stepdefinition.TreeStepDefinition.<init>(TreeStepDefinition.java:16)
at stepdefinition.TreeStepDefinition.<init>(TreeStepDefinition.java:16)
at stepdefinition.TreeStepDefinition.<init>(TreeStepDefinition.java:16)
at stepdefinition.TreeStepDefinition.<init>(TreeStepDefinition.java:16)
at stepdefinition.TreeStepDefinition.<init>(TreeStepDefinition.java:16)
at stepdefinition.TreeStepDefinition.<init>(TreeStepDefinition.java:16)
at stepdefinition.TreeStepDefinition.<init>(TreeStepDefinition.java:16)
at stepdefinition.TreeStepDefinition.<init>(TreeStepDefinition.java:16)
at stepdefinition.TreeStepDefinition.<init>(TreeStepDefinition.java:16)
at stepdefinition.TreeStepDefinition.<init>(TreeStepDefinition.java:16)
at stepdefinition.TreeStepDefinition.<init>(TreeStepDefinition.java:16)
at stepdefinition.TreeStepDefinition.<init>(TreeStepDefinition.java:16)
at stepdefinition.TreeStepDefinition.<init>(TreeStepDefinition.java:16)
at stepdefinition.TreeStepDefinition.<init>(TreeStepDefinition.java:16)
at stepdefinition.TreeStepDefinition.<init>(TreeStepDefinition.java:16)
at stepdefinition.TreeStepDefinition.<init>(TreeStepDefinition.java:16)
at stepdefinition.TreeStepDefinition.<init>(TreeStepDefinition.java:16)
at stepdefinition.TreeStepDefinition.<init>(TreeStepDefinition.java:16)
at stepdefinition.TreeStepDefinition.<init>(TreeStepDefinition.java:16)
at stepdefinition.TreeStepDefinition.<init>(TreeStepDefinition.java:16)
at stepdefinition.TreeStepDefinition.<init>(TreeStepDefinition.java:16)
at stepdefinition.TreeStepDefinition.<init>(TreeStepDefinition.java:16)
at stepdefinition.TreeStepDefinition.<init>(TreeStepDefinition.java:16)
at stepdefinition.TreeStepDefinition.<init>(TreeStepDefinition.java:16)
at stepdefinition.TreeStepDefinition.<init>(TreeStepDefinition.java:16)
at stepdefinition.TreeStepDefinition.<init>(TreeStepDefinition.java:16)
at stepdefinition.TreeStepDefinition.<init>(TreeStepDefinition.java:16)
at stepdefinition.TreeStepDefinition.<init>(TreeStepDefinition.java:16)
at stepdefinition.TreeStepDefinition.<init>(TreeStepDefinition.java:16)
at stepdefinition.TreeStepDefinition.<init>(TreeStepDefinition.java:16)
at stepdefinition.TreeStepDefinition.<init>(TreeStepDefinition.java:16)
at stepdefinition.TreeStepDefinition.<init>(TreeStepDefinition.java:16)
at stepdefinition.TreeStepDefinition.<init>(TreeStepDefinition.java:16)
at stepdefinition.TreeStepDefinition.<init>(TreeStepDefinition.java:16)
at stepdefinition.TreeStepDefinition.<init>(TreeStepDefinition.java:16)
at stepdefinition.TreeStepDefinition.<init>(TreeStepDefinition.java:16)
at stepdefinition.TreeStepDefinition.<init>(TreeStepDefinition.java:16)
at stepdefinition.TreeStepDefinition.<init>(TreeStepDefinition.java:16)
at stepdefinition.TreeStepDefinition.<init>(TreeStepDefinition.java:16)
at stepdefinition.TreeStepDefinition.<init>(TreeStepDefinition.java:16)
at stepdefinition.TreeStepDefinition.<init>(TreeStepDefinition.java:16)
at stepdefinition.TreeStepDefinition.<init>(TreeStepDefinition.java:16)
at stepdefinition.TreeStepDefinition.<init>(TreeStepDefinition.java:16)
at stepdefinition.TreeStepDefinition.<init>(TreeStepDefinition.java:16)
at stepdefinition.TreeStepDefinition.<init>(TreeStepDefinition.java:16)
at stepdefinition.TreeStepDefinition.<init>(TreeStepDefinition.java:16)
at stepdefinition.TreeStepDefinition.<init>(TreeStepDefinition.java:16)
at stepdefinition.TreeStepDefinition.<init>(TreeStepDefinition.java:16)
at stepdefinition.TreeStepDefinition.<init>(TreeStepDefinition.java:16)
at stepdefinition.TreeStepDefinition.<init>(TreeStepDefinition.java:16)
at stepdefinition.TreeStepDefinition.<init>(TreeStepDefinition.java:16)
at stepdefinition.TreeStepDefinition.<init>(TreeStepDefinition.java:16)
at stepdefinition.TreeStepDefinition.<init>(TreeStepDefinition.java:16)
at stepdefinition.TreeStepDefinition.<init>(TreeStepDefinition.java:16)
at stepdefinition.TreeStepDefinition.<init>(TreeStepDefinition.java:16)
at stepdefinition.TreeStepDefinition.<init>(TreeStepDefinition.java:16)
at stepdefinition.TreeStepDefinition.<init>(TreeStepDefinition.java:16)
at stepdefinition.TreeStepDefinition.<init>(TreeStepDefinition.java:16)
at stepdefinition.TreeStepDefinition.<init>(TreeStepDefinition.java:16)
at stepdefinition.TreeStepDefinition.<init>(TreeStepDefinition.java:16)
at stepdefinition.TreeStepDefinition.<init>(TreeStepDefinition.java:16)
at stepdefinition.TreeStepDefinition.<init>(TreeStepDefinition.java:16)
at stepdefinition.TreeStepDefinition.<init>(TreeStepDefinition.java:16)
at stepdefinition.TreeStepDefinition.<init>(TreeStepDefinition.java:16)
at stepdefinition.TreeStepDefinition.<init>(TreeStepDefinition.java:16)
at stepdefinition.TreeStepDefinition.<init>(TreeStepDefinition.java:16)
at stepdefinition.TreeStepDefinition.<init>(TreeStepDefinition.java:16)
at stepdefinition.TreeStepDefinition.<init>(TreeStepDefinition.java:16)
at stepdefinition.TreeStepDefinition.<init>(TreeStepDefinition.java:16)
at stepdefinition.TreeStepDefinition.<init>(TreeStepDefinition.java:16)
at stepdefinition.TreeStepDefinition.<init>(TreeStepDefinition.java:16)
at stepdefinition.TreeStepDefinition.<init>(TreeStepDefinition.java:16)
at stepdefinition.TreeStepDefinition.<init>(TreeStepDefinition.java:16)
at stepdefinition.TreeStepDefinition.<init>(TreeStepDefinition.java:16)
at stepdefinition.TreeStepDefinition.<init>(TreeStepDefinition.java:16)
at stepdefinition.TreeStepDefinition.<init>(TreeStepDefinition.java:16)
at stepdefinition.TreeStepDefinition.<init>(TreeStepDefinition.java:16)
at stepdefinition.TreeStepDefinition.<init>(TreeStepDefinition.java:16)
at stepdefinition.TreeStepDefinition.<init>(TreeStepDefinition.java:16)
at stepdefinition.TreeStepDefinition.<init>(TreeStepDefinition.java:16)
at stepdefinition.TreeStepDefinition.<init>(TreeStepDefinition.java:16)
at stepdefinition.TreeStepDefinition.<init>(TreeStepDefinition.java:16)
at stepdefinition.TreeStepDefinition.<init>(TreeStepDefinition.java:16)
at stepdefinition.TreeStepDefinition.<init>(TreeStepDefinition.java:16)
at stepdefinition.TreeStepDefinition.<init>(TreeStepDefinition.java:16)
at stepdefinition.TreeStepDefinition.<init>(TreeStepDefinition.java:16)
at stepdefinition.TreeStepDefinition.<init>(TreeStepDefinition.java:16)
at stepdefinition.TreeStepDefinition.<init>(TreeStepDefinition.java:16)
at stepdefinition.TreeStepDefinition.<init>(TreeStepDefinition.java:16)
at stepdefinition.TreeStepDefinition.<init>(TreeStepDefinition.java:16)
at stepdefinition.TreeStepDefinition.<init>(TreeStepDefinition.java:16)
at stepdefinition.TreeStepDefinition.<init>(TreeStepDefinition.java:16)
at stepdefinition.TreeStepDefinition.<init>(TreeStepDefinition.java:16)
at stepdefinition.TreeStepDefinition.<init>(TreeStepDefinition.java:16)
at stepdefinition.TreeStepDefinition.<init>(TreeStepDefinition.java:16)
at stepdefinition.TreeStepDefinition.<init>(TreeStepDefinition.java:16)
at stepdefinition.TreeStepDefinition.<init>(TreeStepDefinition.java:16)
at stepdefinition.TreeStepDefinition.<init>(TreeStepDefinition.java:16)
at stepdefinition.TreeStepDefinition.<init>(TreeStepDefinition.java:16)
at stepdefinition.TreeStepDefinition.<init>(TreeStepDefinition.java:16)
at stepdefinition.TreeStepDefinition.<init>(TreeStepDefinition.java:16)
at stepdefinition.TreeStepDefinition.<init>(TreeStepDefinition.java:16)
at stepdefinition.TreeStepDefinition.<init>(TreeStepDefinition.java:16)
at stepdefinition.TreeStepDefinition.<init>(TreeStepDefinition.java:16)
at stepdefinition.TreeStepDefinition.<init>(TreeStepDefinition.java:16)
at stepdefinition.TreeStepDefinition.<init>(TreeStepDefinition.java:16)
at stepdefinition.TreeStepDefinition.<init>(TreeStepDefinition.java:16)
at stepdefinition.TreeStepDefinition.<init>(TreeStepDefinition.java:16)
at stepdefinition.TreeStepDefinition.<init>(TreeStepDefinition.java:16)
at stepdefinition.TreeStepDefinition.<init>(TreeStepDefinition.java:16)
at stepdefinition.TreeStepDefinition.<init>(TreeStepDefinition.java:16)
at stepdefinition.TreeStepDefinition.<init>(TreeStepDefinition.java:16)
at stepdefinition.TreeStepDefinition.<init>(TreeStepDefinition.java:16)
at stepdefinition.TreeStepDefinition.<init>(TreeStepDefinition.java:16)
at stepdefinition.TreeStepDefinition.<init>(TreeStepDefinition.java:16)
at stepdefinition.TreeStepDefinition.<init>(TreeStepDefinition.java:16)
at stepdefinition.TreeStepDefinition.<init>(TreeStepDefinition.java:16)
at stepdefinition.TreeStepDefinition.<init>(TreeStepDefinition.java:16)
at stepdefinition.TreeStepDefinition.<init>(TreeStepDefinition.java:16)
at stepdefinition.TreeStepDefinition.<init>(TreeStepDefinition.java:16)
at stepdefinition.TreeStepDefinition.<init>(TreeStepDefinition.java:16)
at stepdefinition.TreeStepDefinition.<init>(TreeStepDefinition.java:16)
at stepdefinition.TreeStepDefinition.<init>(TreeStepDefinition.java:16)
at stepdefinition.TreeStepDefinition.<init>(TreeStepDefinition.java:16)
at stepdefinition.TreeStepDefinition.<init>(TreeStepDefinition.java:16)
at stepdefinition.TreeStepDefinition.<init>(TreeStepDefinition.java:16)
at stepdefinition.TreeStepDefinition.<init>(TreeStepDefinition.java:16)
at stepdefinition.TreeStepDefinition.<init>(TreeStepDefinition.java:16)
at stepdefinition.TreeStepDefinition.<init>(TreeStepDefinition.java:16)
at stepdefinition.TreeStepDefinition.<init>(TreeStepDefinition.java:16)
at stepdefinition.TreeStepDefinition.<init>(TreeStepDefinition.java:16)
at stepdefinition.TreeStepDefinition.<init>(TreeStepDefinition.java:16)
at stepdefinition.TreeStepDefinition.<init>(TreeStepDefinition.java:16)
at stepdefinition.TreeStepDefinition.<init>(TreeStepDefinition.java:16)
at stepdefinition.TreeStepDefinition.<init>(TreeStepDefinition.java:16)
at stepdefinition.TreeStepDefinition.<init>(TreeStepDefinition.java:16)
at stepdefinition.TreeStepDefinition.<init>(TreeStepDefinition.java:16)
at stepdefinition.TreeStepDefinition.<init>(TreeStepDefinition.java:16)
at stepdefinition.TreeStepDefinition.<init>(TreeStepDefinition.java:16)
at stepdefinition.TreeStepDefinition.<init>(TreeStepDefinition.java:16)
at stepdefinition.TreeStepDefinition.<init>(TreeStepDefinition.java:16)
at stepdefinition.TreeStepDefinition.<init>(TreeStepDefinition.java:16)
at stepdefinition.TreeStepDefinition.<init>(TreeStepDefinition.java:16)
at stepdefinition.TreeStepDefinition.<init>(TreeStepDefinition.java:16)
at stepdefinition.TreeStepDefinition.<init>(TreeStepDefinition.java:16)
at stepdefinition.TreeStepDefinition.<init>(TreeStepDefinition.java:16)
at stepdefinition.TreeStepDefinition.<init>(TreeStepDefinition.java:16)
at stepdefinition.TreeStepDefinition.<init>(TreeStepDefinition.java:16)
at stepdefinition.TreeStepDefinition.<init>(TreeStepDefinition.java:16)
at stepdefinition.TreeStepDefinition.<init>(TreeStepDefinition.java:16)
at stepdefinition.TreeStepDefinition.<init>(TreeStepDefinition.java:16)
at stepdefinition.TreeStepDefinition.<init>(TreeStepDefinition.java:16)
at stepdefinition.TreeStepDefinition.<init>(TreeStepDefinition.java:16)
at stepdefinition.TreeStepDefinition.<init>(TreeStepDefinition.java:16)
at stepdefinition.TreeStepDefinition.<init>(TreeStepDefinition.java:16)
at stepdefinition.TreeStepDefinition.<init>(TreeStepDefinition.java:16)
at stepdefinition.TreeStepDefinition.<init>(TreeStepDefinition.java:16)
at stepdefinition.TreeStepDefinition.<init>(TreeStepDefinition.java:16)
at stepdefinition.TreeStepDefinition.<init>(TreeStepDefinition.java:16)
at stepdefinition.TreeStepDefinition.<init>(TreeStepDefinition.java:16)
at stepdefinition.TreeStepDefinition.<init>(TreeStepDefinition.java:16)
at stepdefinition.TreeStepDefinition.<init>(TreeStepDefinition.java:16)
at stepdefinition.TreeStepDefinition.<init>(TreeStepDefinition.java:16)
at stepdefinition.TreeStepDefinition.<init>(TreeStepDefinition.java:16)
at stepdefinition.TreeStepDefinition.<init>(TreeStepDefinition.java:16)
at stepdefinition.TreeStepDefinition.<init>(TreeStepDefinition.java:16)
at stepdefinition.TreeStepDefinition.<init>(TreeStepDefinition.java:16)
at stepdefinition.TreeStepDefinition.<init>(TreeStepDefinition.java:16)
at stepdefinition.TreeStepDefinition.<init>(TreeStepDefinition.java:16)
at stepdefinition.TreeStepDefinition.<init>(TreeStepDefinition.java:16)
at stepdefinition.TreeStepDefinition.<init>(TreeStepDefinition.java:16)
at stepdefinition.TreeStepDefinition.<init>(TreeStepDefinition.java:16)
at stepdefinition.TreeStepDefinition.<init>(TreeStepDefinition.java:16)
at stepdefinition.TreeStepDefinition.<init>(TreeStepDefinition.java:16)
at stepdefinition.TreeStepDefinition.<init>(TreeStepDefinition.java:16)
at stepdefinition.TreeStepDefinition.<init>(TreeStepDefinition.java:16)
at stepdefinition.TreeStepDefinition.<init>(TreeStepDefinition.java:16)
at stepdefinition.TreeStepDefinition.<init>(TreeStepDefinition.java:16)
at stepdefinition.TreeStepDefinition.<init>(TreeStepDefinition.java:16)
at stepdefinition.TreeStepDefinition.<init>(TreeStepDefinition.java:16)
at stepdefinition.TreeStepDefinition.<init>(TreeStepDefinition.java:16)
at stepdefinition.TreeStepDefinition.<init>(TreeStepDefinition.java:16)
at stepdefinition.TreeStepDefinition.<init>(TreeStepDefinition.java:16)
at stepdefinition.TreeStepDefinition.<init>(TreeStepDefinition.java:16)
at stepdefinition.TreeStepDefinition.<init>(TreeStepDefinition.java:16)
at stepdefinition.TreeStepDefinition.<init>(TreeStepDefinition.java:16)
at stepdefinition.TreeStepDefinition.<init>(TreeStepDefinition.java:16)
at stepdefinition.TreeStepDefinition.<init>(TreeStepDefinition.java:16)
at stepdefinition.TreeStepDefinition.<init>(TreeStepDefinition.java:16)
at stepdefinition.TreeStepDefinition.<init>(TreeStepDefinition.java:16)
at stepdefinition.TreeStepDefinition.<init>(TreeStepDefinition.java:16)
at stepdefinition.TreeStepDefinition.<init>(TreeStepDefinition.java:16)
at stepdefinition.TreeStepDefinition.<init>(TreeStepDefinition.java:16)
at stepdefinition.TreeStepDefinition.<init>(TreeStepDefinition.java:16)
at stepdefinition.TreeStepDefinition.<init>(TreeStepDefinition.java:16)
at stepdefinition.TreeStepDefinition.<init>(TreeStepDefinition.java:16)
at stepdefinition.TreeStepDefinition.<init>(TreeStepDefinition.java:16)
at stepdefinition.TreeStepDefinition.<init>(TreeStepDefinition.java:16)
at stepdefinition.TreeStepDefinition.<init>(TreeStepDefinition.java:16)
at stepdefinition.TreeStepDefinition.<init>(TreeStepDefinition.java:16)
at stepdefinition.TreeStepDefinition.<init>(TreeStepDefinition.java:16)
at stepdefinition.TreeStepDefinition.<init>(TreeStepDefinition.java:16)
at stepdefinition.TreeStepDefinition.<init>(TreeStepDefinition.java:16)
at stepdefinition.TreeStepDefinition.<init>(TreeStepDefinition.java:16)
at stepdefinition.TreeStepDefinition.<init>(TreeStepDefinition.java:16)
at stepdefinition.TreeStepDefinition.<init>(TreeStepDefinition.java:16)
at stepdefinition.TreeStepDefinition.<init>(TreeStepDefinition.java:16)
at stepdefinition.TreeStepDefinition.<init>(TreeStepDefinition.java:16)
at stepdefinition.TreeStepDefinition.<init>(TreeStepDefinition.java:16)
at stepdefinition.TreeStepDefinition.<init>(TreeStepDefinition.java:16)
at stepdefinition.TreeStepDefinition.<init>(TreeStepDefinition.java:16)
at stepdefinition.TreeStepDefinition.<init>(TreeStepDefinition.java:16)
at stepdefinition.TreeStepDefinition.<init>(TreeStepDefinition.java:16)
at stepdefinition.TreeStepDefinition.<init>(TreeStepDefinition.java:16)
at stepdefinition.TreeStepDefinition.<init>(TreeStepDefinition.java:16)
at stepdefinition.TreeStepDefinition.<init>(TreeStepDefinition.java:16)
at stepdefinition.TreeStepDefinition.<init>(TreeStepDefinition.java:16)
at stepdefinition.TreeStepDefinition.<init>(TreeStepDefinition.java:16)
at stepdefinition.TreeStepDefinition.<init>(TreeStepDefinition.java:16)
at stepdefinition.TreeStepDefinition.<init>(TreeStepDefinition.java:16)
at stepdefinition.TreeStepDefinition.<init>(TreeStepDefinition.java:16)
at stepdefinition.TreeStepDefinition.<init>(TreeStepDefinition.java:16)
at stepdefinition.TreeStepDefinition.<init>(TreeStepDefinition.java:16)
at stepdefinition.TreeStepDefinition.<init>(TreeStepDefinition.java:16)
at stepdefinition.TreeStepDefinition.<init>(TreeStepDefinition.java:16)
at stepdefinition.TreeStepDefinition.<init>(TreeStepDefinition.java:16)
at stepdefinition.TreeStepDefinition.<init>(TreeStepDefinition.java:16)
at stepdefinition.TreeStepDefinition.<init>(TreeStepDefinition.java:16)
at stepdefinition.TreeStepDefinition.<init>(TreeStepDefinition.java:16)
at stepdefinition.TreeStepDefinition.<init>(TreeStepDefinition.java:16)
at stepdefinition.TreeStepDefinition.<init>(TreeStepDefinition.java:16)
at stepdefinition.TreeStepDefinition.<init>(TreeStepDefinition.java:16)
at stepdefinition.TreeStepDefinition.<init>(TreeStepDefinition.java:16)
at stepdefinition.TreeStepDefinition.<init>(TreeStepDefinition.java:16)
at stepdefinition.TreeStepDefinition.<init>(TreeStepDefinition.java:16)
at stepdefinition.TreeStepDefinition.<init>(TreeStepDefinition.java:16)
at stepdefinition.TreeStepDefinition.<init>(TreeStepDefinition.java:16)
at stepdefinition.TreeStepDefinition.<init>(TreeStepDefinition.java:16)
at stepdefinition.TreeStepDefinition.<init>(TreeStepDefinition.java:16)
at stepdefinition.TreeStepDefinition.<init>(TreeStepDefinition.java:16)
at stepdefinition.TreeStepDefinition.<init>(TreeStepDefinition.java:16)
at stepdefinition.TreeStepDefinition.<init>(TreeStepDefinition.java:16)
at stepdefinition.TreeStepDefinition.<init>(TreeStepDefinition.java:16)
at stepdefinition.TreeStepDefinition.<init>(TreeStepDefinition.java:16)
at stepdefinition.TreeStepDefinition.<init>(TreeStepDefinition.java:16)
at stepdefinition.TreeStepDefinition.<init>(TreeStepDefinition.java:16)
at stepdefinition.TreeStepDefinition.<init>(TreeStepDefinition.java:16)
at stepdefinition.TreeStepDefinition.<init>(TreeStepDefinition.java:16)
at stepdefinition.TreeStepDefinition.<init>(TreeStepDefinition.java:16)
at stepdefinition.TreeStepDefinition.<init>(TreeStepDefinition.java:16)
at stepdefinition.TreeStepDefinition.<init>(TreeStepDefinition.java:16)
at stepdefinition.TreeStepDefinition.<init>(TreeStepDefinition.java:16)
at stepdefinition.TreeStepDefinition.<init>(TreeStepDefinition.java:16)
at stepdefinition.TreeStepDefinition.<init>(TreeStepDefinition.java:16)
at stepdefinition.TreeStepDefinition.<init>(TreeStepDefinition.java:16)
at stepdefinition.TreeStepDefinition.<init>(TreeStepDefinition.java:16)
at stepdefinition.TreeStepDefinition.<init>(TreeStepDefinition.java:16)
at stepdefinition.TreeStepDefinition.<init>(TreeStepDefinition.java:16)
at stepdefinition.TreeStepDefinition.<init>(TreeStepDefinition.java:16)
at stepdefinition.TreeStepDefinition.<init>(TreeStepDefinition.java:16)
at stepdefinition.TreeStepDefinition.<init>(TreeStepDefinition.java:16)
at stepdefinition.TreeStepDefinition.<init>(TreeStepDefinition.java:16)
at stepdefinition.TreeStepDefinition.<init>(TreeStepDefinition.java:16)
at stepdefinition.TreeStepDefinition.<init>(TreeStepDefinition.java:16)
at stepdefinition.TreeStepDefinition.<init>(TreeStepDefinition.java:16)
at stepdefinition.TreeStepDefinition.<init>(TreeStepDefinition.java:16)
at stepdefinition.TreeStepDefinition.<init>(TreeStepDefinition.java:16)
at stepdefinition.TreeStepDefinition.<init>(TreeStepDefinition.java:16)
at stepdefinition.TreeStepDefinition.<init>(TreeStepDefinition.java:16)
at stepdefinition.TreeStepDefinition.<init>(TreeStepDefinition.java:16)
at stepdefinition.TreeStepDefinition.<init>(TreeStepDefinition.java:16)
at stepdefinition.TreeStepDefinition.<init>(TreeStepDefinition.java:16)
at stepdefinition.TreeStepDefinition.<init>(TreeStepDefinition.java:16)
at stepdefinition.TreeStepDefinition.<init>(TreeStepDefinition.java:16)
at stepdefinition.TreeStepDefinition.<init>(TreeStepDefinition.java:16)
at stepdefinition.TreeStepDefinition.<init>(TreeStepDefinition.java:16)
at stepdefinition.TreeStepDefinition.<init>(TreeStepDefinition.java:16)
at stepdefinition.TreeStepDefinition.<init>(TreeStepDefinition.java:16)
at stepdefinition.TreeStepDefinition.<init>(TreeStepDefinition.java:16)
at stepdefinition.TreeStepDefinition.<init>(TreeStepDefinition.java:16)
at stepdefinition.TreeStepDefinition.<init>(TreeStepDefinition.java:16)
at stepdefinition.TreeStepDefinition.<init>(TreeStepDefinition.java:16)
at stepdefinition.TreeStepDefinition.<init>(TreeStepDefinition.java:16)
at stepdefinition.TreeStepDefinition.<init>(TreeStepDefinition.java:16)
at stepdefinition.TreeStepDefinition.<init>(TreeStepDefinition.java:16)
at stepdefinition.TreeStepDefinition.<init>(TreeStepDefinition.java:16)
at stepdefinition.TreeStepDefinition.<init>(TreeStepDefinition.java:16)
at stepdefinition.TreeStepDefinition.<init>(TreeStepDefinition.java:16)
at stepdefinition.TreeStepDefinition.<init>(TreeStepDefinition.java:16)
at stepdefinition.TreeStepDefinition.<init>(TreeStepDefinition.java:16)
at stepdefinition.TreeStepDefinition.<init>(TreeStepDefinition.java:16)
at stepdefinition.TreeStepDefinition.<init>(TreeStepDefinition.java:16)
at stepdefinition.TreeStepDefinition.<init>(TreeStepDefinition.java:16)
at stepdefinition.TreeStepDefinition.<init>(TreeStepDefinition.java:16)
at stepdefinition.TreeStepDefinition.<init>(TreeStepDefinition.java:16)
at stepdefinition.TreeStepDefinition.<init>(TreeStepDefinition.java:16)
at stepdefinition.TreeStepDefinition.<init>(TreeStepDefinition.java:16)
at stepdefinition.TreeStepDefinition.<init>(TreeStepDefinition.java:16)
at stepdefinition.TreeStepDefinition.<init>(TreeStepDefinition.java:16)
at stepdefinition.TreeStepDefinition.<init>(TreeStepDefinition.java:16)
at stepdefinition.TreeStepDefinition.<init>(TreeStepDefinition.java:16)
at stepdefinition.TreeStepDefinition.<init>(TreeStepDefinition.java:16)
at stepdefinition.TreeStepDefinition.<init>(TreeStepDefinition.java:16)
at stepdefinition.TreeStepDefinition.<init>(TreeStepDefinition.java:16)
at stepdefinition.TreeStepDefinition.<init>(TreeStepDefinition.java:16)
at stepdefinition.TreeStepDefinition.<init>(TreeStepDefinition.java:16)
at stepdefinition.TreeStepDefinition.<init>(TreeStepDefinition.java:16)
at stepdefinition.TreeStepDefinition.<init>(TreeStepDefinition.java:16)
at stepdefinition.TreeStepDefinition.<init>(TreeStepDefinition.java:16)
at stepdefinition.TreeStepDefinition.<init>(TreeStepDefinition.java:16)
at stepdefinition.TreeStepDefinition.<init>(TreeStepDefinition.java:16)
at stepdefinition.TreeStepDefinition.<init>(TreeStepDefinition.java:16)
at stepdefinition.TreeStepDefinition.<init>(TreeStepDefinition.java:16)
at stepdefinition.TreeStepDefinition.<init>(TreeStepDefinition.java:16)
at stepdefinition.TreeStepDefinition.<init>(TreeStepDefinition.java:16)
at stepdefinition.TreeStepDefinition.<init>(TreeStepDefinition.java:16)
at stepdefinition.TreeStepDefinition.<init>(TreeStepDefinition.java:16)
at stepdefinition.TreeStepDefinition.<init>(TreeStepDefinition.java:16)
at stepdefinition.TreeStepDefinition.<init>(TreeStepDefinition.java:16)
at stepdefinition.TreeStepDefinition.<init>(TreeStepDefinition.java:16)
at stepdefinition.TreeStepDefinition.<init>(TreeStepDefinition.java:16)
at stepdefinition.TreeStepDefinition.<init>(TreeStepDefinition.java:16)
at stepdefinition.TreeStepDefinition.<init>(TreeStepDefinition.java:16)
at stepdefinition.TreeStepDefinition.<init>(TreeStepDefinition.java:16)
at stepdefinition.TreeStepDefinition.<init>(TreeStepDefinition.java:16)
at stepdefinition.TreeStepDefinition.<init>(TreeStepDefinition.java:16)
at stepdefinition.TreeStepDefinition.<init>(TreeStepDefinition.java:16)
at stepdefinition.TreeStepDefinition.<init>(TreeStepDefinition.java:16)
at stepdefinition.TreeStepDefinition.<init>(TreeStepDefinition.java:16)
at stepdefinition.TreeStepDefinition.<init>(TreeStepDefinition.java:16)
at stepdefinition.TreeStepDefinition.<init>(TreeStepDefinition.java:16)
at stepdefinition.TreeStepDefinition.<init>(TreeStepDefinition.java:16)
at stepdefinition.TreeStepDefinition.<init>(TreeStepDefinition.java:16)
at stepdefinition.TreeStepDefinition.<init>(TreeStepDefinition.java:16)
at stepdefinition.TreeStepDefinition.<init>(TreeStepDefinition.java:16)
at stepdefinition.TreeStepDefinition.<init>(TreeStepDefinition.java:16)
at stepdefinition.TreeStepDefinition.<init>(TreeStepDefinition.java:16)
at stepdefinition.TreeStepDefinition.<init>(TreeStepDefinition.java:16)
at stepdefinition.TreeStepDefinition.<init>(TreeStepDefinition.java:16)
at stepdefinition.TreeStepDefinition.<init>(TreeStepDefinition.java:16)
at stepdefinition.TreeStepDefinition.<init>(TreeStepDefinition.java:16)
at stepdefinition.TreeStepDefinition.<init>(TreeStepDefinition.java:16)
at stepdefinition.TreeStepDefinition.<init>(TreeStepDefinition.java:16)
at stepdefinition.TreeStepDefinition.<init>(TreeStepDefinition.java:16)
at stepdefinition.TreeStepDefinition.<init>(TreeStepDefinition.java:16)
at stepdefinition.TreeStepDefinition.<init>(TreeStepDefinition.java:16)
at stepdefinition.TreeStepDefinition.<init>(TreeStepDefinition.java:16)
at stepdefinition.TreeStepDefinition.<init>(TreeStepDefinition.java:16)
at stepdefinition.TreeStepDefinition.<init>(TreeStepDefinition.java:16)
at stepdefinition.TreeStepDefinition.<init>(TreeStepDefinition.java:16)
at stepdefinition.TreeStepDefinition.<init>(TreeStepDefinition.java:16)
at stepdefinition.TreeStepDefinition.<init>(TreeStepDefinition.java:16)
at stepdefinition.TreeStepDefinition.<init>(TreeStepDefinition.java:16)
at stepdefinition.TreeStepDefinition.<init>(TreeStepDefinition.java:16)
at stepdefinition.TreeStepDefinition.<init>(TreeStepDefinition.java:16)
at stepdefinition.TreeStepDefinition.<init>(TreeStepDefinition.java:16)
at stepdefinition.TreeStepDefinition.<init>(TreeStepDefinition.java:16)
at stepdefinition.TreeStepDefinition.<init>(TreeStepDefinition.java:16)
at stepdefinition.TreeStepDefinition.<init>(TreeStepDefinition.java:16)
at stepdefinition.TreeStepDefinition.<init>(TreeStepDefinition.java:16)
at stepdefinition.TreeStepDefinition.<init>(TreeStepDefinition.java:16)
at stepdefinition.TreeStepDefinition.<init>(TreeStepDefinition.java:16)
at stepdefinition.TreeStepDefinition.<init>(TreeStepDefinition.java:16)
at stepdefinition.TreeStepDefinition.<init>(TreeStepDefinition.java:16)
at stepdefinition.TreeStepDefinition.<init>(TreeStepDefinition.java:16)
at stepdefinition.TreeStepDefinition.<init>(TreeStepDefinition.java:16)
at stepdefinition.TreeStepDefinition.<init>(TreeStepDefinition.java:16)
at stepdefinition.TreeStepDefinition.<init>(TreeStepDefinition.java:16)
at stepdefinition.TreeStepDefinition.<init>(TreeStepDefinition.java:16)
at stepdefinition.TreeStepDefinition.<init>(TreeStepDefinition.java:16)
at stepdefinition.TreeStepDefinition.<init>(TreeStepDefinition.java:16)
at stepdefinition.TreeStepDefinition.<init>(TreeStepDefinition.java:16)
at stepdefinition.TreeStepDefinition.<init>(TreeStepDefinition.java:16)
at stepdefinition.TreeStepDefinition.<init>(TreeStepDefinition.java:16)
at stepdefinition.TreeStepDefinition.<init>(TreeStepDefinition.java:16)
at stepdefinition.TreeStepDefinition.<init>(TreeStepDefinition.java:16)
at stepdefinition.TreeStepDefinition.<init>(TreeStepDefinition.java:16)
at stepdefinition.TreeStepDefinition.<init>(TreeStepDefinition.java:16)
at stepdefinition.TreeStepDefinition.<init>(TreeStepDefinition.java:16)
at stepdefinition.TreeStepDefinition.<init>(TreeStepDefinition.java:16)
at stepdefinition.TreeStepDefinition.<init>(TreeStepDefinition.java:16)
at stepdefinition.TreeStepDefinition.<init>(TreeStepDefinition.java:16)
at stepdefinition.TreeStepDefinition.<init>(TreeStepDefinition.java:16)
at stepdefinition.TreeStepDefinition.<init>(TreeStepDefinition.java:16)
at stepdefinition.TreeStepDefinition.<init>(TreeStepDefinition.java:16)
at stepdefinition.TreeStepDefinition.<init>(TreeStepDefinition.java:16)
at stepdefinition.TreeStepDefinition.<init>(TreeStepDefinition.java:16)
at stepdefinition.TreeStepDefinition.<init>(TreeStepDefinition.java:16)
at stepdefinition.TreeStepDefinition.<init>(TreeStepDefinition.java:16)
at stepdefinition.TreeStepDefinition.<init>(TreeStepDefinition.java:16)
at stepdefinition.TreeStepDefinition.<init>(TreeStepDefinition.java:16)
at stepdefinition.TreeStepDefinition.<init>(TreeStepDefinition.java:16)
at stepdefinition.TreeStepDefinition.<init>(TreeStepDefinition.java:16)
at stepdefinition.TreeStepDefinition.<init>(TreeStepDefinition.java:16)
at stepdefinition.TreeStepDefinition.<init>(TreeStepDefinition.java:16)
at stepdefinition.TreeStepDefinition.<init>(TreeStepDefinition.java:16)
at stepdefinition.TreeStepDefinition.<init>(TreeStepDefinition.java:16)
at stepdefinition.TreeStepDefinition.<init>(TreeStepDefinition.java:16)
at stepdefinition.TreeStepDefinition.<init>(TreeStepDefinition.java:16)
at stepdefinition.TreeStepDefinition.<init>(TreeStepDefinition.java:16)
at stepdefinition.TreeStepDefinition.<init>(TreeStepDefinition.java:16)
at stepdefinition.TreeStepDefinition.<init>(TreeStepDefinition.java:16)
at stepdefinition.TreeStepDefinition.<init>(TreeStepDefinition.java:16)
at stepdefinition.TreeStepDefinition.<init>(TreeStepDefinition.java:16)
at stepdefinition.TreeStepDefinition.<init>(TreeStepDefinition.java:16)
at stepdefinition.TreeStepDefinition.<init>(TreeStepDefinition.java:16)
at stepdefinition.TreeStepDefinition.<init>(TreeStepDefinition.java:16)
at stepdefinition.TreeStepDefinition.<init>(TreeStepDefinition.java:16)
at stepdefinition.TreeStepDefinition.<init>(TreeStepDefinition.java:16)
at stepdefinition.TreeStepDefinition.<init>(TreeStepDefinition.java:16)
at stepdefinition.TreeStepDefinition.<init>(TreeStepDefinition.java:16)
at stepdefinition.TreeStepDefinition.<init>(TreeStepDefinition.java:16)
at stepdefinition.TreeStepDefinition.<init>(TreeStepDefinition.java:16)
at stepdefinition.TreeStepDefinition.<init>(TreeStepDefinition.java:16)
at stepdefinition.TreeStepDefinition.<init>(TreeStepDefinition.java:16)
at stepdefinition.TreeStepDefinition.<init>(TreeStepDefinition.java:16)
at stepdefinition.TreeStepDefinition.<init>(TreeStepDefinition.java:16)
at stepdefinition.TreeStepDefinition.<init>(TreeStepDefinition.java:16)
at stepdefinition.TreeStepDefinition.<init>(TreeStepDefinition.java:16)
at stepdefinition.TreeStepDefinition.<init>(TreeStepDefinition.java:16)
at stepdefinition.TreeStepDefinition.<init>(TreeStepDefinition.java:16)
at stepdefinition.TreeStepDefinition.<init>(TreeStepDefinition.java:16)
at stepdefinition.TreeStepDefinition.<init>(TreeStepDefinition.java:16)
at stepdefinition.TreeStepDefinition.<init>(TreeStepDefinition.java:16)
at stepdefinition.TreeStepDefinition.<init>(TreeStepDefinition.java:16)
at stepdefinition.TreeStepDefinition.<init>(TreeStepDefinition.java:16)
at stepdefinition.TreeStepDefinition.<init>(TreeStepDefinition.java:16)
at stepdefinition.TreeStepDefinition.<init>(TreeStepDefinition.java:16)
at stepdefinition.TreeStepDefinition.<init>(TreeStepDefinition.java:16)
at stepdefinition.TreeStepDefinition.<init>(TreeStepDefinition.java:16)
at stepdefinition.TreeStepDefinition.<init>(TreeStepDefinition.java:16)
at stepdefinition.TreeStepDefinition.<init>(TreeStepDefinition.java:16)
at stepdefinition.TreeStepDefinition.<init>(TreeStepDefinition.java:16)
at stepdefinition.TreeStepDefinition.<init>(TreeStepDefinition.java:16)
at stepdefinition.TreeStepDefinition.<init>(TreeStepDefinition.java:16)
at stepdefinition.TreeStepDefinition.<init>(TreeStepDefinition.java:16)
at stepdefinition.TreeStepDefinition.<init>(TreeStepDefinition.java:16)
at stepdefinition.TreeStepDefinition.<init>(TreeStepDefinition.java:16)
at stepdefinition.TreeStepDefinition.<init>(TreeStepDefinition.java:16)
at stepdefinition.TreeStepDefinition.<init>(TreeStepDefinition.java:16)
at stepdefinition.TreeStepDefinition.<init>(TreeStepDefinition.java:16)
at stepdefinition.TreeStepDefinition.<init>(TreeStepDefinition.java:16)
at stepdefinition.TreeStepDefinition.<init>(TreeStepDefinition.java:16)
at stepdefinition.TreeStepDefinition.<init>(TreeStepDefinition.java:16)
at stepdefinition.TreeStepDefinition.<init>(TreeStepDefinition.java:16)
at stepdefinition.TreeStepDefinition.<init>(TreeStepDefinition.java:16)
at stepdefinition.TreeStepDefinition.<init>(TreeStepDefinition.java:16)
at stepdefinition.TreeStepDefinition.<init>(TreeStepDefinition.java:16)
at stepdefinition.TreeStepDefinition.<init>(TreeStepDefinition.java:16)
at stepdefinition.TreeStepDefinition.<init>(TreeStepDefinition.java:16)
at stepdefinition.TreeStepDefinition.<init>(TreeStepDefinition.java:16)
at stepdefinition.TreeStepDefinition.<init>(TreeStepDefinition.java:16)
at stepdefinition.TreeStepDefinition.<init>(TreeStepDefinition.java:16)
at stepdefinition.TreeStepDefinition.<init>(TreeStepDefinition.java:16)
at stepdefinition.TreeStepDefinition.<init>(TreeStepDefinition.java:16)
at stepdefinition.TreeStepDefinition.<init>(TreeStepDefinition.java:16)
at stepdefinition.TreeStepDefinition.<init>(TreeStepDefinition.java:16)
at stepdefinition.TreeStepDefinition.<init>(TreeStepDefinition.java:16)
at stepdefinition.TreeStepDefinition.<init>(TreeStepDefinition.java:16)
at stepdefinition.TreeStepDefinition.<init>(TreeStepDefinition.java:16)
at stepdefinition.TreeStepDefinition.<init>(TreeStepDefinition.java:16)
at stepdefinition.TreeStepDefinition.<init>(TreeStepDefinition.java:16)
at stepdefinition.TreeStepDefinition.<init>(TreeStepDefinition.java:16)
at stepdefinition.TreeStepDefinition.<init>(TreeStepDefinition.java:16)
at stepdefinition.TreeStepDefinition.<init>(TreeStepDefinition.java:16)
at stepdefinition.TreeStepDefinition.<init>(TreeStepDefinition.java:16)
at stepdefinition.TreeStepDefinition.<init>(TreeStepDefinition.java:16)
at stepdefinition.TreeStepDefinition.<init>(TreeStepDefinition.java:16)
at stepdefinition.TreeStepDefinition.<init>(TreeStepDefinition.java:16)
at stepdefinition.TreeStepDefinition.<init>(TreeStepDefinition.java:16)
at stepdefinition.TreeStepDefinition.<init>(TreeStepDefinition.java:16)
at stepdefinition.TreeStepDefinition.<init>(TreeStepDefinition.java:16)
at stepdefinition.TreeStepDefinition.<init>(TreeStepDefinition.java:16)
at stepdefinition.TreeStepDefinition.<init>(TreeStepDefinition.java:16)
at stepdefinition.TreeStepDefinition.<init>(TreeStepDefinition.java:16)
at stepdefinition.TreeStepDefinition.<init>(TreeStepDefinition.java:16)
at stepdefinition.TreeStepDefinition.<init>(TreeStepDefinition.java:16)
at stepdefinition.TreeStepDefinition.<init>(TreeStepDefinition.java:16)
at stepdefinition.TreeStepDefinition.<init>(TreeStepDefinition.java:16)
at stepdefinition.TreeStepDefinition.<init>(TreeStepDefinition.java:16)
at stepdefinition.TreeStepDefinition.<init>(TreeStepDefinition.java:16)
at stepdefinition.TreeStepDefinition.<init>(TreeStepDefinition.java:16)
at stepdefinition.TreeStepDefinition.<init>(TreeStepDefinition.java:16)
at stepdefinition.TreeStepDefinition.<init>(TreeStepDefinition.java:16)
at stepdefinition.TreeStepDefinition.<init>(TreeStepDefinition.java:16)
at stepdefinition.TreeStepDefinition.<init>(TreeStepDefinition.java:16)
at stepdefinition.TreeStepDefinition.<init>(TreeStepDefinition.java:16)
at stepdefinition.TreeStepDefinition.<init>(TreeStepDefinition.java:16)
at stepdefinition.TreeStepDefinition.<init>(TreeStepDefinition.java:16)
at stepdefinition.TreeStepDefinition.<init>(TreeStepDefinition.java:16)
at stepdefinition.TreeStepDefinition.<init>(TreeStepDefinition.java:16)
at stepdefinition.TreeStepDefinition.<init>(TreeStepDefinition.java:16)
at stepdefinition.TreeStepDefinition.<init>(TreeStepDefinition.java:16)
at stepdefinition.TreeStepDefinition.<init>(TreeStepDefinition.java:16)
at stepdefinition.TreeStepDefinition.<init>(TreeStepDefinition.java:16)
at stepdefinition.TreeStepDefinition.<init>(TreeStepDefinition.java:16)
at stepdefinition.TreeStepDefinition.<init>(TreeStepDefinition.java:16)
at stepdefinition.TreeStepDefinition.<init>(TreeStepDefinition.java:16)
at stepdefinition.TreeStepDefinition.<init>(TreeStepDefinition.java:16)
at stepdefinition.TreeStepDefinition.<init>(TreeStepDefinition.java:16)
at stepdefinition.TreeStepDefinition.<init>(TreeStepDefinition.java:16)
at stepdefinition.TreeStepDefinition.<init>(TreeStepDefinition.java:16)
at stepdefinition.TreeStepDefinition.<init>(TreeStepDefinition.java:16)
at stepdefinition.TreeStepDefinition.<init>(TreeStepDefinition.java:16)
at stepdefinition.TreeStepDefinition.<init>(TreeStepDefinition.java:16)
at stepdefinition.TreeStepDefinition.<init>(TreeStepDefinition.java:16)
at stepdefinition.TreeStepDefinition.<init>(TreeStepDefinition.java:16)
at stepdefinition.TreeStepDefinition.<init>(TreeStepDefinition.java:16)
at stepdefinition.TreeStepDefinition.<init>(TreeStepDefinition.java:16)
at stepdefinition.TreeStepDefinition.<init>(TreeStepDefinition.java:16)
at stepdefinition.TreeStepDefinition.<init>(TreeStepDefinition.java:16)
at stepdefinition.TreeStepDefinition.<init>(TreeStepDefinition.java:16)
at stepdefinition.TreeStepDefinition.<init>(TreeStepDefinition.java:16)
at stepdefinition.TreeStepDefinition.<init>(TreeStepDefinition.java:16)
at stepdefinition.TreeStepDefinition.<init>(TreeStepDefinition.java:16)
at stepdefinition.TreeStepDefinition.<init>(TreeStepDefinition.java:16)
at stepdefinition.TreeStepDefinition.<init>(TreeStepDefinition.java:16)
at stepdefinition.TreeStepDefinition.<init>(TreeStepDefinition.java:16)
at stepdefinition.TreeStepDefinition.<init>(TreeStepDefinition.java:16)
at stepdefinition.TreeStepDefinition.<init>(TreeStepDefinition.java:16)
at stepdefinition.TreeStepDefinition.<init>(TreeStepDefinition.java:16)
at stepdefinition.TreeStepDefinition.<init>(TreeStepDefinition.java:16)
at stepdefinition.TreeStepDefinition.<init>(TreeStepDefinition.java:16)
at stepdefinition.TreeStepDefinition.<init>(TreeStepDefinition.java:16)
at stepdefinition.TreeStepDefinition.<init>(TreeStepDefinition.java:16)
at stepdefinition.TreeStepDefinition.<init>(TreeStepDefinition.java:16)
at stepdefinition.TreeStepDefinition.<init>(TreeStepDefinition.java:16)
at stepdefinition.TreeStepDefinition.<init>(TreeStepDefinition.java:16)
at stepdefinition.TreeStepDefinition.<init>(TreeStepDefinition.java:16)
at stepdefinition.TreeStepDefinition.<init>(TreeStepDefinition.java:16)
at stepdefinition.TreeStepDefinition.<init>(TreeStepDefinition.java:16)
at stepdefinition.TreeStepDefinition.<init>(TreeStepDefinition.java:16)
at stepdefinition.TreeStepDefinition.<init>(TreeStepDefinition.java:16)
at stepdefinition.TreeStepDefinition.<init>(TreeStepDefinition.java:16)
at stepdefinition.TreeStepDefinition.<init>(TreeStepDefinition.java:16)
at stepdefinition.TreeStepDefinition.<init>(TreeStepDefinition.java:16)
at stepdefinition.TreeStepDefinition.<init>(TreeStepDefinition.java:16)
at stepdefinition.TreeStepDefinition.<init>(TreeStepDefinition.java:16)
at stepdefinition.TreeStepDefinition.<init>(TreeStepDefinition.java:16)
at stepdefinition.TreeStepDefinition.<init>(TreeStepDefinition.java:16)
at stepdefinition.TreeStepDefinition.<init>(TreeStepDefinition.java:16)
at stepdefinition.TreeStepDefinition.<init>(TreeStepDefinition.java:16)
at stepdefinition.TreeStepDefinition.<init>(TreeStepDefinition.java:16)
at stepdefinition.TreeStepDefinition.<init>(TreeStepDefinition.java:16)
at stepdefinition.TreeStepDefinition.<init>(TreeStepDefinition.java:16)
at stepdefinition.TreeStepDefinition.<init>(TreeStepDefinition.java:16)
at stepdefinition.TreeStepDefinition.<init>(TreeStepDefinition.java:16)
at stepdefinition.TreeStepDefinition.<init>(TreeStepDefinition.java:16)
at stepdefinition.TreeStepDefinition.<init>(TreeStepDefinition.java:16)
at stepdefinition.TreeStepDefinition.<init>(TreeStepDefinition.java:16)
at stepdefinition.TreeStepDefinition.<init>(TreeStepDefinition.java:16)
at stepdefinition.TreeStepDefinition.<init>(TreeStepDefinition.java:16)
at stepdefinition.TreeStepDefinition.<init>(TreeStepDefinition.java:16)
at stepdefinition.TreeStepDefinition.<init>(TreeStepDefinition.java:16)
at stepdefinition.TreeStepDefinition.<init>(TreeStepDefinition.java:16)
at stepdefinition.TreeStepDefinition.<init>(TreeStepDefinition.java:16)
at stepdefinition.TreeStepDefinition.<init>(TreeStepDefinition.java:16)
at stepdefinition.TreeStepDefinition.<init>(TreeStepDefinition.java:16)
at stepdefinition.TreeStepDefinition.<init>(TreeStepDefinition.java:16)
at stepdefinition.TreeStepDefinition.<init>(TreeStepDefinition.java:16)
at stepdefinition.TreeStepDefinition.<init>(TreeStepDefinition.java:16)
at stepdefinition.TreeStepDefinition.<init>(TreeStepDefinition.java:16)
at stepdefinition.TreeStepDefinition.<init>(TreeStepDefinition.java:16)
at stepdefinition.TreeStepDefinition.<init>(TreeStepDefinition.java:16)
at stepdefinition.TreeStepDefinition.<init>(TreeStepDefinition.java:16)
at stepdefinition.TreeStepDefinition.<init>(TreeStepDefinition.java:16)
at stepdefinition.TreeStepDefinition.<init>(TreeStepDefinition.java:16)
at stepdefinition.TreeStepDefinition.<init>(TreeStepDefinition.java:16)
at stepdefinition.TreeStepDefinition.<init>(TreeStepDefinition.java:16)
at stepdefinition.TreeStepDefinition.<init>(TreeStepDefinition.java:16)
at stepdefinition.TreeStepDefinition.<init>(TreeStepDefinition.java:16)
at stepdefinition.TreeStepDefinition.<init>(TreeStepDefinition.java:16)
at stepdefinition.TreeStepDefinition.<init>(TreeStepDefinition.java:16)
at stepdefinition.TreeStepDefinition.<init>(TreeStepDefinition.java:16)
at stepdefinition.TreeStepDefinition.<init>(TreeStepDefinition.java:16)
at stepdefinition.TreeStepDefinition.<init>(TreeStepDefinition.java:16)
at stepdefinition.TreeStepDefinition.<init>(TreeStepDefinition.java:16)
at stepdefinition.TreeStepDefinition.<init>(TreeStepDefinition.java:16)
at stepdefinition.TreeStepDefinition.<init>(TreeStepDefinition.java:16)
at stepdefinition.TreeStepDefinition.<init>(TreeStepDefinition.java:16)
at stepdefinition.TreeStepDefinition.<init>(TreeStepDefinition.java:16)
at stepdefinition.TreeStepDefinition.<init>(TreeStepDefinition.java:16)
at stepdefinition.TreeStepDefinition.<init>(TreeStepDefinition.java:16)
at stepdefinition.TreeStepDefinition.<init>(TreeStepDefinition.java:16)
at stepdefinition.TreeStepDefinition.<init>(TreeStepDefinition.java:16)
at stepdefinition.TreeStepDefinition.<init>(TreeStepDefinition.java:16)
at stepdefinition.TreeStepDefinition.<init>(TreeStepDefinition.java:16)
at stepdefinition.TreeStepDefinition.<init>(TreeStepDefinition.java:16)
at stepdefinition.TreeStepDefinition.<init>(TreeStepDefinition.java:16)
at stepdefinition.TreeStepDefinition.<init>(TreeStepDefinition.java:16)
at stepdefinition.TreeStepDefinition.<init>(TreeStepDefinition.java:16)
at stepdefinition.TreeStepDefinition.<init>(TreeStepDefinition.java:16)
at stepdefinition.TreeStepDefinition.<init>(TreeStepDefinition.java:16)
at stepdefinition.TreeStepDefinition.<init>(TreeStepDefinition.java:16)
at stepdefinition.TreeStepDefinition.<init>(TreeStepDefinition.java:16)
at stepdefinition.TreeStepDefinition.<init>(TreeStepDefinition.java:16)
at stepdefinition.TreeStepDefinition.<init>(TreeStepDefinition.java:16)
at stepdefinition.TreeStepDefinition.<init>(TreeStepDefinition.java:16)
at stepdefinition.TreeStepDefinition.<init>(TreeStepDefinition.java:16)
at stepdefinition.TreeStepDefinition.<init>(TreeStepDefinition.java:16)
at stepdefinition.TreeStepDefinition.<init>(TreeStepDefinition.java:16)
at stepdefinition.TreeStepDefinition.<init>(TreeStepDefinition.java:16)
at stepdefinition.TreeStepDefinition.<init>(TreeStepDefinition.java:16)
at stepdefinition.TreeStepDefinition.<init>(TreeStepDefinition.java:16)
at stepdefinition.TreeStepDefinition.<init>(TreeStepDefinition.java:16)
at stepdefinition.TreeStepDefinition.<init>(TreeStepDefinition.java:16)
at stepdefinition.TreeStepDefinition.<init>(TreeStepDefinition.java:16)
at stepdefinition.TreeStepDefinition.<init>(TreeStepDefinition.java:16)
at stepdefinition.TreeStepDefinition.<init>(TreeStepDefinition.java:16)
at stepdefinition.TreeStepDefinition.<init>(TreeStepDefinition.java:16)
at stepdefinition.TreeStepDefinition.<init>(TreeStepDefinition.java:16)
at stepdefinition.TreeStepDefinition.<init>(TreeStepDefinition.java:16)
at stepdefinition.TreeStepDefinition.<init>(TreeStepDefinition.java:16)
at stepdefinition.TreeStepDefinition.<init>(TreeStepDefinition.java:16)
at stepdefinition.TreeStepDefinition.<init>(TreeStepDefinition.java:16)
at stepdefinition.TreeStepDefinition.<init>(TreeStepDefinition.java:16)
at stepdefinition.TreeStepDefinition.<init>(TreeStepDefinition.java:16)
at stepdefinition.TreeStepDefinition.<init>(TreeStepDefinition.java:16)
at stepdefinition.TreeStepDefinition.<init>(TreeStepDefinition.java:16)
at stepdefinition.TreeStepDefinition.<init>(TreeStepDefinition.java:16)
at stepdefinition.TreeStepDefinition.<init>(TreeStepDefinition.java:16)
at stepdefinition.TreeStepDefinition.<init>(TreeStepDefinition.java:16)
at stepdefinition.TreeStepDefinition.<init>(TreeStepDefinition.java:16)
at stepdefinition.TreeStepDefinition.<init>(TreeStepDefinition.java:16)
at stepdefinition.TreeStepDefinition.<init>(TreeStepDefinition.java:16)
at stepdefinition.TreeStepDefinition.<init>(TreeStepDefinition.java:16)
at stepdefinition.TreeStepDefinition.<init>(TreeStepDefinition.java:16)
at stepdefinition.TreeStepDefinition.<init>(TreeStepDefinition.java:16)
at stepdefinition.TreeStepDefinition.<init>(TreeStepDefinition.java:16)
at stepdefinition.TreeStepDefinition.<init>(TreeStepDefinition.java:16)
at stepdefinition.TreeStepDefinition.<init>(TreeStepDefinition.java:16)
at stepdefinition.TreeStepDefinition.<init>(TreeStepDefinition.java:16)
at stepdefinition.TreeStepDefinition.<init>(TreeStepDefinition.java:16)
at stepdefinition.TreeStepDefinition.<init>(TreeStepDefinition.java:16)
at stepdefinition.TreeStepDefinition.<init>(TreeStepDefinition.java:16)
at stepdefinition.TreeStepDefinition.<init>(TreeStepDefinition.java:16)
at stepdefinition.TreeStepDefinition.<init>(TreeStepDefinition.java:16)
at stepdefinition.TreeStepDefinition.<init>(TreeStepDefinition.java:16)
at stepdefinition.TreeStepDefinition.<init>(TreeStepDefinition.java:16)
at stepdefinition.TreeStepDefinition.<init>(TreeStepDefinition.java:16)
at stepdefinition.TreeStepDefinition.<init>(TreeStepDefinition.java:16)
at stepdefinition.TreeStepDefinition.<init>(TreeStepDefinition.java:16)
at stepdefinition.TreeStepDefinition.<init>(TreeStepDefinition.java:16)
at stepdefinition.TreeStepDefinition.<init>(TreeStepDefinition.java:16)
at stepdefinition.TreeStepDefinition.<init>(TreeStepDefinition.java:16)
at stepdefinition.TreeStepDefinition.<init>(TreeStepDefinition.java:16)
at stepdefinition.TreeStepDefinition.<init>(TreeStepDefinition.java:16)
at stepdefinition.TreeStepDefinition.<init>(TreeStepDefinition.java:16)
at stepdefinition.TreeStepDefinition.<init>(TreeStepDefinition.java:16)
at stepdefinition.TreeStepDefinition.<init>(TreeStepDefinition.java:16)
at stepdefinition.TreeStepDefinition.<init>(TreeStepDefinition.java:16)
at stepdefinition.TreeStepDefinition.<init>(TreeStepDefinition.java:16)
at stepdefinition.TreeStepDefinition.<init>(TreeStepDefinition.java:16)
at stepdefinition.TreeStepDefinition.<init>(TreeStepDefinition.java:16)
at stepdefinition.TreeStepDefinition.<init>(TreeStepDefinition.java:16)
at stepdefinition.TreeStepDefinition.<init>(TreeStepDefinition.java:16)
at stepdefinition.TreeStepDefinition.<init>(TreeStepDefinition.java:16)
at stepdefinition.TreeStepDefinition.<init>(TreeStepDefinition.java:16)
at stepdefinition.TreeStepDefinition.<init>(TreeStepDefinition.java:16)
at stepdefinition.TreeStepDefinition.<init>(TreeStepDefinition.java:16)
at stepdefinition.TreeStepDefinition.<init>(TreeStepDefinition.java:16)
at stepdefinition.TreeStepDefinition.<init>(TreeStepDefinition.java:16)
at stepdefinition.TreeStepDefinition.<init>(TreeStepDefinition.java:16)
at stepdefinition.TreeStepDefinition.<init>(TreeStepDefinition.java:16)
at stepdefinition.TreeStepDefinition.<init>(TreeStepDefinition.java:16)
at stepdefinition.TreeStepDefinition.<init>(TreeStepDefinition.java:16)
at stepdefinition.TreeStepDefinition.<init>(TreeStepDefinition.java:16)
at stepdefinition.TreeStepDefinition.<init>(TreeStepDefinition.java:16)
at stepdefinition.TreeStepDefinition.<init>(TreeStepDefinition.java:16)
at stepdefinition.TreeStepDefinition.<init>(TreeStepDefinition.java:16)
at stepdefinition.TreeStepDefinition.<init>(TreeStepDefinition.java:16)
at stepdefinition.TreeStepDefinition.<init>(TreeStepDefinition.java:16)
at stepdefinition.TreeStepDefinition.<init>(TreeStepDefinition.java:16)
at stepdefinition.TreeStepDefinition.<init>(TreeStepDefinition.java:16)
at stepdefinition.TreeStepDefinition.<init>(TreeStepDefinition.java:16)
at stepdefinition.TreeStepDefinition.<init>(TreeStepDefinition.java:16)
at stepdefinition.TreeStepDefinition.<init>(TreeStepDefinition.java:16)
at stepdefinition.TreeStepDefinition.<init>(TreeStepDefinition.java:16)
at stepdefinition.TreeStepDefinition.<init>(TreeStepDefinition.java:16)
at stepdefinition.TreeStepDefinition.<init>(TreeStepDefinition.java:16)
at stepdefinition.TreeStepDefinition.<init>(TreeStepDefinition.java:16)
at stepdefinition.TreeStepDefinition.<init>(TreeStepDefinition.java:16)
at stepdefinition.TreeStepDefinition.<init>(TreeStepDefinition.java:16)
at stepdefinition.TreeStepDefinition.<init>(TreeStepDefinition.java:16)
at stepdefinition.TreeStepDefinition.<init>(TreeStepDefinition.java:16)
at stepdefinition.TreeStepDefinition.<init>(TreeStepDefinition.java:16)
at stepdefinition.TreeStepDefinition.<init>(TreeStepDefinition.java:16)
at stepdefinition.TreeStepDefinition.<init>(TreeStepDefinition.java:16)
at stepdefinition.TreeStepDefinition.<init>(TreeStepDefinition.java:16)
at stepdefinition.TreeStepDefinition.<init>(TreeStepDefinition.java:16)
at stepdefinition.TreeStepDefinition.<init>(TreeStepDefinition.java:16)
at stepdefinition.TreeStepDefinition.<init>(TreeStepDefinition.java:16)
at stepdefinition.TreeStepDefinition.<init>(TreeStepDefinition.java:16)
at stepdefinition.TreeStepDefinition.<init>(TreeStepDefinition.java:16)
at stepdefinition.TreeStepDefinition.<init>(TreeStepDefinition.java:16)
at stepdefinition.TreeStepDefinition.<init>(TreeStepDefinition.java:16)
at stepdefinition.TreeStepDefinition.<init>(TreeStepDefinition.java:16)
at stepdefinition.TreeStepDefinition.<init>(TreeStepDefinition.java:16)
at stepdefinition.TreeStepDefinition.<init>(TreeStepDefinition.java:16)
at stepdefinition.TreeStepDefinition.<init>(TreeStepDefinition.java:16)
at stepdefinition.TreeStepDefinition.<init>(TreeStepDefinition.java:16)
at stepdefinition.TreeStepDefinition.<init>(TreeStepDefinition.java:16)
at stepdefinition.TreeStepDefinition.<init>(TreeStepDefinition.java:16)
at stepdefinition.TreeStepDefinition.<init>(TreeStepDefinition.java:16)
at stepdefinition.TreeStepDefinition.<init>(TreeStepDefinition.java:16)
at stepdefinition.TreeStepDefinition.<init>(TreeStepDefinition.java:16)
at stepdefinition.TreeStepDefinition.<init>(TreeStepDefinition.java:16)
at stepdefinition.TreeStepDefinition.<init>(TreeStepDefinition.java:16)
at stepdefinition.TreeStepDefinition.<init>(TreeStepDefinition.java:16)
at stepdefinition.TreeStepDefinition.<init>(TreeStepDefinition.java:16)
at stepdefinition.TreeStepDefinition.<init>(TreeStepDefinition.java:16)
at stepdefinition.TreeStepDefinition.<init>(TreeStepDefinition.java:16)
at stepdefinition.TreeStepDefinition.<init>(TreeStepDefinition.java:16)
at stepdefinition.TreeStepDefinition.<init>(TreeStepDefinition.java:16)
at stepdefinition.TreeStepDefinition.<init>(TreeStepDefinition.java:16)
at stepdefinition.TreeStepDefinition.<init>(TreeStepDefinition.java:16)
at stepdefinition.TreeStepDefinition.<init>(TreeStepDefinition.java:16)
at stepdefinition.TreeStepDefinition.<init>(TreeStepDefinition.java:16)
at stepdefinition.TreeStepDefinition.<init>(TreeStepDefinition.java:16)
at stepdefinition.TreeStepDefinition.<init>(TreeStepDefinition.java:16)
at stepdefinition.TreeStepDefinition.<init>(TreeStepDefinition.java:16)
at stepdefinition.TreeStepDefinition.<init>(TreeStepDefinition.java:16)
at stepdefinition.TreeStepDefinition.<init>(TreeStepDefinition.java:16)
at stepdefinition.TreeStepDefinition.<init>(TreeStepDefinition.java:16)
at stepdefinition.TreeStepDefinition.<init>(TreeStepDefinition.java:16)
at stepdefinition.TreeStepDefinition.<init>(TreeStepDefinition.java:16)
at stepdefinition.TreeStepDefinition.<init>(TreeStepDefinition.java:16)
at stepdefinition.TreeStepDefinition.<init>(TreeStepDefinition.java:16)
at stepdefinition.TreeStepDefinition.<init>(TreeStepDefinition.java:16)
at stepdefinition.TreeStepDefinition.<init>(TreeStepDefinition.java:16)
at stepdefinition.TreeStepDefinition.<init>(TreeStepDefinition.java:16)
at stepdefinition.TreeStepDefinition.<init>(TreeStepDefinition.java:16)
at stepdefinition.TreeStepDefinition.<init>(TreeStepDefinition.java:16)
at stepdefinition.TreeStepDefinition.<init>(TreeStepDefinition.java:16)
at stepdefinition.TreeStepDefinition.<init>(TreeStepDefinition.java:16)
at stepdefinition.TreeStepDefinition.<init>(TreeStepDefinition.java:16)
at stepdefinition.TreeStepDefinition.<init>(TreeStepDefinition.java:16)
at stepdefinition.TreeStepDefinition.<init>(TreeStepDefinition.java:16)
at stepdefinition.TreeStepDefinition.<init>(TreeStepDefinition.java:16)
at stepdefinition.TreeStepDefinition.<init>(TreeStepDefinition.java:16)
at stepdefinition.TreeStepDefinition.<init>(TreeStepDefinition.java:16)
at stepdefinition.TreeStepDefinition.<init>(TreeStepDefinition.java:16)
at stepdefinition.TreeStepDefinition.<init>(TreeStepDefinition.java:16)
at stepdefinition.TreeStepDefinition.<init>(TreeStepDefinition.java:16)
at stepdefinition.TreeStepDefinition.<init>(TreeStepDefinition.java:16)
at stepdefinition.TreeStepDefinition.<init>(TreeStepDefinition.java:16)
at stepdefinition.TreeStepDefinition.<init>(TreeStepDefinition.java:16)
at stepdefinition.TreeStepDefinition.<init>(TreeStepDefinition.java:16)
at stepdefinition.TreeStepDefinition.<init>(TreeStepDefinition.java:16)
at stepdefinition.TreeStepDefinition.<init>(TreeStepDefinition.java:16)
at stepdefinition.TreeStepDefinition.<init>(TreeStepDefinition.java:16)
at stepdefinition.TreeStepDefinition.<init>(TreeStepDefinition.java:16)
at stepdefinition.TreeStepDefinition.<init>(TreeStepDefinition.java:16)
at stepdefinition.TreeStepDefinition.<init>(TreeStepDefinition.java:16)
at stepdefinition.TreeStepDefinition.<init>(TreeStepDefinition.java:16)
at stepdefinition.TreeStepDefinition.<init>(TreeStepDefinition.java:16)
at stepdefinition.TreeStepDefinition.<init>(TreeStepDefinition.java:16)
at stepdefinition.TreeStepDefinition.<init>(TreeStepDefinition.java:16)
at stepdefinition.TreeStepDefinition.<init>(TreeStepDefinition.java:16)
at stepdefinition.TreeStepDefinition.<init>(TreeStepDefinition.java:16)
at stepdefinition.TreeStepDefinition.<init>(TreeStepDefinition.java:16)
at stepdefinition.TreeStepDefinition.<init>(TreeStepDefinition.java:16)
at stepdefinition.TreeStepDefinition.<init>(TreeStepDefinition.java:16)
at stepdefinition.TreeStepDefinition.<init>(TreeStepDefinition.java:16)
at stepdefinition.TreeStepDefinition.<init>(TreeStepDefinition.java:16)
at stepdefinition.TreeStepDefinition.<init>(TreeStepDefinition.java:16)
at stepdefinition.TreeStepDefinition.<init>(TreeStepDefinition.java:16)
at stepdefinition.TreeStepDefinition.<init>(TreeStepDefinition.java:16)
at stepdefinition.TreeStepDefinition.<init>(TreeStepDefinition.java:16)
at stepdefinition.TreeStepDefinition.<init>(TreeStepDefinition.java:16)
at stepdefinition.TreeStepDefinition.<init>(TreeStepDefinition.java:16)
at stepdefinition.TreeStepDefinition.<init>(TreeStepDefinition.java:16)
at stepdefinition.TreeStepDefinition.<init>(TreeStepDefinition.java:16)
at stepdefinition.TreeStepDefinition.<init>(TreeStepDefinition.java:16)
at stepdefinition.TreeStepDefinition.<init>(TreeStepDefinition.java:16)
at stepdefinition.TreeStepDefinition.<init>(TreeStepDefinition.java:16)
at stepdefinition.TreeStepDefinition.<init>(TreeStepDefinition.java:16)
at stepdefinition.TreeStepDefinition.<init>(TreeStepDefinition.java:16)
at stepdefinition.TreeStepDefinition.<init>(TreeStepDefinition.java:16)
at stepdefinition.TreeStepDefinition.<init>(TreeStepDefinition.java:16)
at stepdefinition.TreeStepDefinition.<init>(TreeStepDefinition.java:16)
at stepdefinition.TreeStepDefinition.<init>(TreeStepDefinition.java:16)
at stepdefinition.TreeStepDefinition.<init>(TreeStepDefinition.java:16)
at stepdefinition.TreeStepDefinition.<init>(TreeStepDefinition.java:16)
at stepdefinition.TreeStepDefinition.<init>(TreeStepDefinition.java:16)
at stepdefinition.TreeStepDefinition.<init>(TreeStepDefinition.java:16)
at stepdefinition.TreeStepDefinition.<init>(TreeStepDefinition.java:16)
at stepdefinition.TreeStepDefinition.<init>(TreeStepDefinition.java:16)
at stepdefinition.TreeStepDefinition.<init>(TreeStepDefinition.java:16)
at stepdefinition.TreeStepDefinition.<init>(TreeStepDefinition.java:16)
at stepdefinition.TreeStepDefinition.<init>(TreeStepDefinition.java:16)
at stepdefinition.TreeStepDefinition.<init>(TreeStepDefinition.java:16)
at stepdefinition.TreeStepDefinition.<init>(TreeStepDefinition.java:16)
at stepdefinition.TreeStepDefinition.<init>(TreeStepDefinition.java:16)
at stepdefinition.TreeStepDefinition.<init>(TreeStepDefinition.java:16)
at stepdefinition.TreeStepDefinition.<init>(TreeStepDefinition.java:16)
at stepdefinition.TreeStepDefinition.<init>(TreeStepDefinition.java:16)
at stepdefinition.TreeStepDefinition.<init>(TreeStepDefinition.java:16)
at stepdefinition.TreeStepDefinition.<init>(TreeStepDefinition.java:16)
at stepdefinition.TreeStepDefinition.<init>(TreeStepDefinition.java:16)
at stepdefinition.TreeStepDefinition.<init>(TreeStepDefinition.java:16)
at stepdefinition.TreeStepDefinition.<init>(TreeStepDefinition.java:16)
at stepdefinition.TreeStepDefinition.<init>(TreeStepDefinition.java:16)
at stepdefinition.TreeStepDefinition.<init>(TreeStepDefinition.java:16)
at stepdefinition.TreeStepDefinition.<init>(TreeStepDefinition.java:16)
at stepdefinition.TreeStepDefinition.<init>(TreeStepDefinition.java:16)
at stepdefinition.TreeStepDefinition.<init>(TreeStepDefinition.java:16)
at stepdefinition.TreeStepDefinition.<init>(TreeStepDefinition.java:16)
at stepdefinition.TreeStepDefinition.<init>(TreeStepDefinition.java:16)
at stepdefinition.TreeStepDefinition.<init>(TreeStepDefinition.java:16)
at stepdefinition.TreeStepDefinition.<init>(TreeStepDefinition.java:16)
at stepdefinition.TreeStepDefinition.<init>(TreeStepDefinition.java:16)
at stepdefinition.TreeStepDefinition.<init>(TreeStepDefinition.java:16)
at stepdefinition.TreeStepDefinition.<init>(TreeStepDefinition.java:16)
at stepdefinition.TreeStepDefinition.<init>(TreeStepDefinition.java:16)
at stepdefinition.TreeStepDefinition.<init>(TreeStepDefinition.java:16)
at stepdefinition.TreeStepDefinition.<init>(TreeStepDefinition.java:16)
at stepdefinition.TreeStepDefinition.<init>(TreeStepDefinition.java:16)
at stepdefinition.TreeStepDefinition.<init>(TreeStepDefinition.java:16)
at stepdefinition.TreeStepDefinition.<init>(TreeStepDefinition.java:16)
at stepdefinition.TreeStepDefinition.<init>(TreeStepDefinition.java:16)
at stepdefinition.TreeStepDefinition.<init>(TreeStepDefinition.java:16)
at stepdefinition.TreeStepDefinition.<init>(TreeStepDefinition.java:16)
at stepdefinition.TreeStepDefinition.<init>(TreeStepDefinition.java:16)
at stepdefinition.TreeStepDefinition.<init>(TreeStepDefinition.java:16)
at stepdefinition.TreeStepDefinition.<init>(TreeStepDefinition.java:16)
at stepdefinition.TreeStepDefinition.<init>(TreeStepDefinition.java:16)
at stepdefinition.TreeStepDefinition.<init>(TreeStepDefinition.java:16)
at stepdefinition.TreeStepDefinition.<init>(TreeStepDefinition.java:16)
at stepdefinition.TreeStepDefinition.<init>(TreeStepDefinition.java:16)
at stepdefinition.TreeStepDefinition.<init>(TreeStepDefinition.java:16)
at stepdefinition.TreeStepDefinition.<init>(TreeStepDefinition.java:16)
at stepdefinition.TreeStepDefinition.<init>(TreeStepDefinition.java:16)
at stepdefinition.TreeStepDefinition.<init>(TreeStepDefinition.java:16)
at stepdefinition.TreeStepDefinition.<init>(TreeStepDefinition.java:16)
at stepdefinition.TreeStepDefinition.<init>(TreeStepDefinition.java:16)
at stepdefinition.TreeStepDefinition.<init>(TreeStepDefinition.java:16)
at stepdefinition.TreeStepDefinition.<init>(TreeStepDefinition.java:16)
at stepdefinition.TreeStepDefinition.<init>(TreeStepDefinition.java:16)
at stepdefinition.TreeStepDefinition.<init>(TreeStepDefinition.java:16)
at stepdefinition.TreeStepDefinition.<init>(TreeStepDefinition.java:16)
at stepdefinition.TreeStepDefinition.<init>(TreeStepDefinition.java:16)
at stepdefinition.TreeStepDefinition.<init>(TreeStepDefinition.java:16)
at stepdefinition.TreeStepDefinition.<init>(TreeStepDefinition.java:16)
at stepdefinition.TreeStepDefinition.<init>(TreeStepDefinition.java:16)
at stepdefinition.TreeStepDefinition.<init>(TreeStepDefinition.java:16)
at stepdefinition.TreeStepDefinition.<init>(TreeStepDefinition.java:16)
at stepdefinition.TreeStepDefinition.<init>(TreeStepDefinition.java:16)
at stepdefinition.TreeStepDefinition.<init>(TreeStepDefinition.java:16)
at stepdefinition.TreeStepDefinition.<init>(TreeStepDefinition.java:16)
at stepdefinition.TreeStepDefinition.<init>(TreeStepDefinition.java:16)
at stepdefinition.TreeStepDefinition.<init>(TreeStepDefinition.java:16)
at stepdefinition.TreeStepDefinition.<init>(TreeStepDefinition.java:16)
at stepdefinition.TreeStepDefinition.<init>(TreeStepDefinition.java:16)
at stepdefinition.TreeStepDefinition.<init>(TreeStepDefinition.java:16)
at stepdefinition.TreeStepDefinition.<init>(TreeStepDefinition.java:16)
at stepdefinition.TreeStepDefinition.<init>(TreeStepDefinition.java:16)
at stepdefinition.TreeStepDefinition.<init>(TreeStepDefinition.java:16)
at stepdefinition.TreeStepDefinition.<init>(TreeStepDefinition.java:16)
at stepdefinition.TreeStepDefinition.<init>(TreeStepDefinition.java:16)
at stepdefinition.TreeStepDefinition.<init>(TreeStepDefinition.java:16)
at stepdefinition.TreeStepDefinition.<init>(TreeStepDefinition.java:16)
at stepdefinition.TreeStepDefinition.<init>(TreeStepDefinition.java:16)
at stepdefinition.TreeStepDefinition.<init>(TreeStepDefinition.java:16)
at stepdefinition.TreeStepDefinition.<init>(TreeStepDefinition.java:16)
at stepdefinition.TreeStepDefinition.<init>(TreeStepDefinition.java:16)
at stepdefinition.TreeStepDefinition.<init>(TreeStepDefinition.java:16)
at stepdefinition.TreeStepDefinition.<init>(TreeStepDefinition.java:16)
at stepdefinition.TreeStepDefinition.<init>(TreeStepDefinition.java:16)
at stepdefinition.TreeStepDefinition.<init>(TreeStepDefinition.java:16)
at stepdefinition.TreeStepDefinition.<init>(TreeStepDefinition.java:16)
at stepdefinition.TreeStepDefinition.<init>(TreeStepDefinition.java:16)
at stepdefinition.TreeStepDefinition.<init>(TreeStepDefinition.java:16)
at stepdefinition.TreeStepDefinition.<init>(TreeStepDefinition.java:16)
at stepdefinition.TreeStepDefinition.<init>(TreeStepDefinition.java:16)
at stepdefinition.TreeStepDefinition.<init>(TreeStepDefinition.java:16)
at stepdefinition.TreeStepDefinition.<init>(TreeStepDefinition.java:16)
at stepdefinition.TreeStepDefinition.<init>(TreeStepDefinition.java:16)
at stepdefinition.TreeStepDefinition.<init>(TreeStepDefinition.java:16)
at stepdefinition.TreeStepDefinition.<init>(TreeStepDefinition.java:16)
at stepdefinition.TreeStepDefinition.<init>(TreeStepDefinition.java:16)
at stepdefinition.TreeStepDefinition.<init>(TreeStepDefinition.java:16)
at stepdefinition.TreeStepDefinition.<init>(TreeStepDefinition.java:16)
at stepdefinition.TreeStepDefinition.<init>(TreeStepDefinition.java:16)
at stepdefinition.TreeStepDefinition.<init>(TreeStepDefinition.java:16)
at stepdefinition.TreeStepDefinition.<init>(TreeStepDefinition.java:16)
at stepdefinition.TreeStepDefinition.<init>(TreeStepDefinition.java:16)
at stepdefinition.TreeStepDefinition.<init>(TreeStepDefinition.java:16)
at stepdefinition.TreeStepDefinition.<init>(TreeStepDefinition.java:16)
at stepdefinition.TreeStepDefinition.<init>(TreeStepDefinition.java:16)
]]>
            </full-stacktrace>
          </exception> <!-- io.cucumber.core.exception.CucumberException -->
          <reporter-output>
          </reporter-output>
        </test-method> <!-- runScenario -->
        <test-method is-config="true" signature="tearDownClass()[pri:0, instance:runner.TestRunner@2a65fe7c]" started-at="2024-02-18T21:24:28 CST" name="tearDownClass" finished-at="2024-02-18T21:24:28 CST" duration-ms="20" status="PASS">
          <reporter-output>
          </reporter-output>
        </test-method> <!-- tearDownClass -->
      </class> <!-- runner.TestRunner -->
    </test> <!-- Default test -->
  </suite> <!-- Default suite -->
</testng-results>
